[2019-05-24 08:21:08] local.ERROR: Method Illuminate\View\View::__toString() must not throw an exception, caught ErrorException: Invalid argument supplied for foreach() (View: /home/vagrant/code/aroka-book-store/resources/views/admin/authors/add_author.blade.php) {"exception":"[object] (Symfony\\Component\\Debug\\Exception\\FatalErrorException(code: 1): Method Illuminate\\View\\View::__toString() must not throw an exception, caught ErrorException: Invalid argument supplied for foreach() (View: /home/vagrant/code/aroka-book-store/resources/views/admin/authors/add_author.blade.php) at /home/vagrant/code/aroka-book-store/vendor/crocodicstudio/crudbooster/src/controllers/CBController.php:0)
[stacktrace]
#0 /home/vagrant/code/aroka-book-store/vendor/laravel/framework/src/Illuminate/Foundation/Bootstrap/HandleExceptions.php(137): Symfony\\Component\\Debug\\Exception\\FatalErrorException->__construct()
#1 /home/vagrant/code/aroka-book-store/vendor/laravel/framework/src/Illuminate/Foundation/Bootstrap/HandleExceptions.php(123): Illuminate\\Foundation\\Bootstrap\\HandleExceptions->fatalExceptionFromError()
#2 /home/vagrant/code/aroka-book-store/vendor/laravel/framework/src/Illuminate/Foundation/Bootstrap/HandleExceptions.php(0): Illuminate\\Foundation\\Bootstrap\\HandleExceptions->handleShutdown()
#3 /home/vagrant/code/aroka-book-store/app/Http/Controllers/AdminAuthorsController.php(12): App\\Http\\Controllers\\AdminAuthorsController->cbView()
#4 /home/vagrant/code/aroka-book-store/vendor/laravel/framework/src/Illuminate/Routing/Controller.php(54): App\\Http\\Controllers\\AdminAuthorsController->getAdd()
#5 /home/vagrant/code/aroka-book-store/vendor/laravel/framework/src/Illuminate/Routing/Controller.php(54): call_user_func_array:{/home/vagrant/code/aroka-book-store/vendor/laravel/framework/src/Illuminate/Routing/Controller.php:54}()
#6 /home/vagrant/code/aroka-book-store/vendor/laravel/framework/src/Illuminate/Routing/ControllerDispatcher.php(45): App\\Http\\Controllers\\AdminAuthorsController->callAction()
#7 /home/vagrant/code/aroka-book-store/vendor/laravel/framework/src/Illuminate/Routing/Route.php(219): Illuminate\\Routing\\ControllerDispatcher->dispatch()
#8 /home/vagrant/code/aroka-book-store/vendor/laravel/framework/src/Illuminate/Routing/Route.php(176): Illuminate\\Routing\\Route->runController()
#9 /home/vagrant/code/aroka-book-store/vendor/laravel/framework/src/Illuminate/Routing/Router.php(680): Illuminate\\Routing\\Route->run()
#10 /home/vagrant/code/aroka-book-store/vendor/laravel/framework/src/Illuminate/Routing/Pipeline.php(30): Illuminate\\Routing\\Router->Illuminate\\Routing\\{closure:/home/vagrant/code/aroka-book-store/vendor/laravel/framework/src/Illuminate/Routing/Router.php:678-682}()
#11 /home/vagrant/code/aroka-book-store/vendor/crocodicstudio/crudbooster/src/middlewares/CBBackend.php(30): Illuminate\\Routing\\Pipeline->Illuminate\\Routing\\{closure:/home/vagrant/code/aroka-book-store/vendor/laravel/framework/src/Illuminate/Routing/Pipeline.php:28-36}()
#12 /home/vagrant/code/aroka-book-store/vendor/laravel/framework/src/Illuminate/Pipeline/Pipeline.php(163): crocodicstudio\\crudbooster\\middlewares\\CBBackend->handle()
#13 /home/vagrant/code/aroka-book-store/vendor/laravel/framework/src/Illuminate/Routing/Pipeline.php(53): Illuminate\\Routing\\Pipeline->Illuminate\\Pipeline\\{closure:/home/vagrant/code/aroka-book-store/vendor/laravel/framework/src/Illuminate/Pipeline/Pipeline.php:140-169}()
#14 /home/vagrant/code/aroka-book-store/vendor/laravel/framework/src/Illuminate/Routing/Middleware/SubstituteBindings.php(41): Illuminate\\Routing\\Pipeline->Illuminate\\Routing\\{closure:/home/vagrant/code/aroka-book-store/vendor/laravel/framework/src/Illuminate/Routing/Pipeline.php:47-59}()
#15 /home/vagrant/code/aroka-book-store/vendor/laravel/framework/src/Illuminate/Pipeline/Pipeline.php(163): Illuminate\\Routing\\Middleware\\SubstituteBindings->handle()
#16 /home/vagrant/code/aroka-book-store/vendor/laravel/framework/src/Illuminate/Routing/Pipeline.php(53): Illuminate\\Routing\\Pipeline->Illuminate\\Pipeline\\{closure:/home/vagrant/code/aroka-book-store/vendor/laravel/framework/src/Illuminate/Pipeline/Pipeline.php:140-169}()
#17 /home/vagrant/code/aroka-book-store/vendor/laravel/framework/src/Illuminate/Foundation/Http/Middleware/VerifyCsrfToken.php(75): Illuminate\\Routing\\Pipeline->Illuminate\\Routing\\{closure:/home/vagrant/code/aroka-book-store/vendor/laravel/framework/src/Illuminate/Routing/Pipeline.php:47-59}()
#18 /home/vagrant/code/aroka-book-store/vendor/laravel/framework/src/Illuminate/Pipeline/Pipeline.php(163): App\\Http\\Middleware\\VerifyCsrfToken->handle()
#19 /home/vagrant/code/aroka-book-store/vendor/laravel/framework/src/Illuminate/Routing/Pipeline.php(53): Illuminate\\Routing\\Pipeline->Illuminate\\Pipeline\\{closure:/home/vagrant/code/aroka-book-store/vendor/laravel/framework/src/Illuminate/Pipeline/Pipeline.php:140-169}()
#20 /home/vagrant/code/aroka-book-store/vendor/laravel/framework/src/Illuminate/View/Middleware/ShareErrorsFromSession.php(49): Illuminate\\Routing\\Pipeline->Illuminate\\Routing\\{closure:/home/vagrant/code/aroka-book-store/vendor/laravel/framework/src/Illuminate/Routing/Pipeline.php:47-59}()
#21 /home/vagrant/code/aroka-book-store/vendor/laravel/framework/src/Illuminate/Pipeline/Pipeline.php(163): Illuminate\\View\\Middleware\\ShareErrorsFromSession->handle()
#22 /home/vagrant/code/aroka-book-store/vendor/laravel/framework/src/Illuminate/Routing/Pipeline.php(53): Illuminate\\Routing\\Pipeline->Illuminate\\Pipeline\\{closure:/home/vagrant/code/aroka-book-store/vendor/laravel/framework/src/Illuminate/Pipeline/Pipeline.php:140-169}()
#23 /home/vagrant/code/aroka-book-store/vendor/laravel/framework/src/Illuminate/Session/Middleware/StartSession.php(56): Illuminate\\Routing\\Pipeline->Illuminate\\Routing\\{closure:/home/vagrant/code/aroka-book-store/vendor/laravel/framework/src/Illuminate/Routing/Pipeline.php:47-59}()
#24 /home/vagrant/code/aroka-book-store/vendor/laravel/framework/src/Illuminate/Pipeline/Pipeline.php(163): Illuminate\\Session\\Middleware\\StartSession->handle()
#25 /home/vagrant/code/aroka-book-store/vendor/laravel/framework/src/Illuminate/Routing/Pipeline.php(53): Illuminate\\Routing\\Pipeline->Illuminate\\Pipeline\\{closure:/home/vagrant/code/aroka-book-store/vendor/laravel/framework/src/Illuminate/Pipeline/Pipeline.php:140-169}()
#26 /home/vagrant/code/aroka-book-store/vendor/laravel/framework/src/Illuminate/Cookie/Middleware/AddQueuedCookiesToResponse.php(37): Illuminate\\Routing\\Pipeline->Illuminate\\Routing\\{closure:/home/vagrant/code/aroka-book-store/vendor/laravel/framework/src/Illuminate/Routing/Pipeline.php:47-59}()
#27 /home/vagrant/code/aroka-book-store/vendor/laravel/framework/src/Illuminate/Pipeline/Pipeline.php(163): Illuminate\\Cookie\\Middleware\\AddQueuedCookiesToResponse->handle()
#28 /home/vagrant/code/aroka-book-store/vendor/laravel/framework/src/Illuminate/Routing/Pipeline.php(53): Illuminate\\Routing\\Pipeline->Illuminate\\Pipeline\\{closure:/home/vagrant/code/aroka-book-store/vendor/laravel/framework/src/Illuminate/Pipeline/Pipeline.php:140-169}()
#29 /home/vagrant/code/aroka-book-store/vendor/laravel/framework/src/Illuminate/Cookie/Middleware/EncryptCookies.php(66): Illuminate\\Routing\\Pipeline->Illuminate\\Routing\\{closure:/home/vagrant/code/aroka-book-store/vendor/laravel/framework/src/Illuminate/Routing/Pipeline.php:47-59}()
#30 /home/vagrant/code/aroka-book-store/vendor/laravel/framework/src/Illuminate/Pipeline/Pipeline.php(163): App\\Http\\Middleware\\EncryptCookies->handle()
#31 /home/vagrant/code/aroka-book-store/vendor/laravel/framework/src/Illuminate/Routing/Pipeline.php(53): Illuminate\\Routing\\Pipeline->Illuminate\\Pipeline\\{closure:/home/vagrant/code/aroka-book-store/vendor/laravel/framework/src/Illuminate/Pipeline/Pipeline.php:140-169}()
#32 /home/vagrant/code/aroka-book-store/vendor/laravel/framework/src/Illuminate/Pipeline/Pipeline.php(104): Illuminate\\Routing\\Pipeline->Illuminate\\Routing\\{closure:/home/vagrant/code/aroka-book-store/vendor/laravel/framework/src/Illuminate/Routing/Pipeline.php:47-59}()
#33 /home/vagrant/code/aroka-book-store/vendor/laravel/framework/src/Illuminate/Routing/Router.php(682): Illuminate\\Routing\\Pipeline->then()
#34 /home/vagrant/code/aroka-book-store/vendor/laravel/framework/src/Illuminate/Routing/Router.php(657): Illuminate\\Routing\\Router->runRouteWithinStack()
#35 /home/vagrant/code/aroka-book-store/vendor/laravel/framework/src/Illuminate/Routing/Router.php(623): Illuminate\\Routing\\Router->runRoute()
#36 /home/vagrant/code/aroka-book-store/vendor/laravel/framework/src/Illuminate/Routing/Router.php(612): Illuminate\\Routing\\Router->dispatchToRoute()
#37 /home/vagrant/code/aroka-book-store/vendor/laravel/framework/src/Illuminate/Foundation/Http/Kernel.php(176): Illuminate\\Routing\\Router->dispatch()
#38 /home/vagrant/code/aroka-book-store/vendor/laravel/framework/src/Illuminate/Routing/Pipeline.php(30): App\\Http\\Kernel->Illuminate\\Foundation\\Http\\{closure:/home/vagrant/code/aroka-book-store/vendor/laravel/framework/src/Illuminate/Foundation/Http/Kernel.php:173-177}()
#39 /home/vagrant/code/aroka-book-store/vendor/laravel/framework/src/Illuminate/Foundation/Http/Middleware/TransformsRequest.php(21): Illuminate\\Routing\\Pipeline->Illuminate\\Routing\\{closure:/home/vagrant/code/aroka-book-store/vendor/laravel/framework/src/Illuminate/Routing/Pipeline.php:28-36}()
#40 /home/vagrant/code/aroka-book-store/vendor/laravel/framework/src/Illuminate/Pipeline/Pipeline.php(163): Illuminate\\Foundation\\Http\\Middleware\\ConvertEmptyStringsToNull->handle()
#41 /home/vagrant/code/aroka-book-store/vendor/laravel/framework/src/Illuminate/Routing/Pipeline.php(53): Illuminate\\Routing\\Pipeline->Illuminate\\Pipeline\\{closure:/home/vagrant/code/aroka-book-store/vendor/laravel/framework/src/Illuminate/Pipeline/Pipeline.php:140-169}()
#42 /home/vagrant/code/aroka-book-store/vendor/laravel/framework/src/Illuminate/Foundation/Http/Middleware/TransformsRequest.php(21): Illuminate\\Routing\\Pipeline->Illuminate\\Routing\\{closure:/home/vagrant/code/aroka-book-store/vendor/laravel/framework/src/Illuminate/Routing/Pipeline.php:47-59}()
#43 /home/vagrant/code/aroka-book-store/vendor/laravel/framework/src/Illuminate/Pipeline/Pipeline.php(163): App\\Http\\Middleware\\TrimStrings->handle()
#44 /home/vagrant/code/aroka-book-store/vendor/laravel/framework/src/Illuminate/Routing/Pipeline.php(53): Illuminate\\Routing\\Pipeline->Illuminate\\Pipeline\\{closure:/home/vagrant/code/aroka-book-store/vendor/laravel/framework/src/Illuminate/Pipeline/Pipeline.php:140-169}()
#45 /home/vagrant/code/aroka-book-store/vendor/laravel/framework/src/Illuminate/Foundation/Http/Middleware/ValidatePostSize.php(27): Illuminate\\Routing\\Pipeline->Illuminate\\Routing\\{closure:/home/vagrant/code/aroka-book-store/vendor/laravel/framework/src/Illuminate/Routing/Pipeline.php:47-59}()
#46 /home/vagrant/code/aroka-book-store/vendor/laravel/framework/src/Illuminate/Pipeline/Pipeline.php(163): Illuminate\\Foundation\\Http\\Middleware\\ValidatePostSize->handle()
#47 /home/vagrant/code/aroka-book-store/vendor/laravel/framework/src/Illuminate/Routing/Pipeline.php(53): Illuminate\\Routing\\Pipeline->Illuminate\\Pipeline\\{closure:/home/vagrant/code/aroka-book-store/vendor/laravel/framework/src/Illuminate/Pipeline/Pipeline.php:140-169}()
#48 /home/vagrant/code/aroka-book-store/vendor/laravel/framework/src/Illuminate/Foundation/Http/Middleware/CheckForMaintenanceMode.php(62): Illuminate\\Routing\\Pipeline->Illuminate\\Routing\\{closure:/home/vagrant/code/aroka-book-store/vendor/laravel/framework/src/Illuminate/Routing/Pipeline.php:47-59}()
#49 /home/vagrant/code/aroka-book-store/vendor/laravel/framework/src/Illuminate/Pipeline/Pipeline.php(163): Illuminate\\Foundation\\Http\\Middleware\\CheckForMaintenanceMode->handle()
#50 /home/vagrant/code/aroka-book-store/vendor/laravel/framework/src/Illuminate/Routing/Pipeline.php(53): Illuminate\\Routing\\Pipeline->Illuminate\\Pipeline\\{closure:/home/vagrant/code/aroka-book-store/vendor/laravel/framework/src/Illuminate/Pipeline/Pipeline.php:140-169}()
#51 /home/vagrant/code/aroka-book-store/vendor/laravel/framework/src/Illuminate/Pipeline/Pipeline.php(104): Illuminate\\Routing\\Pipeline->Illuminate\\Routing\\{closure:/home/vagrant/code/aroka-book-store/vendor/laravel/framework/src/Illuminate/Routing/Pipeline.php:47-59}()
#52 /home/vagrant/code/aroka-book-store/vendor/laravel/framework/src/Illuminate/Foundation/Http/Kernel.php(151): Illuminate\\Routing\\Pipeline->then()
#53 /home/vagrant/code/aroka-book-store/vendor/laravel/framework/src/Illuminate/Foundation/Http/Kernel.php(116): App\\Http\\Kernel->sendRequestThroughRouter()
#54 /home/vagrant/code/aroka-book-store/public/index.php(53): App\\Http\\Kernel->handle()
#55 /home/vagrant/code/aroka-book-store/public/index.php(0): {main}()
#56 {main}
"} 
[2019-05-24 08:22:02] local.ERROR: Method Illuminate\View\View::__toString() must not throw an exception, caught ErrorException: Invalid argument supplied for foreach() (View: /home/vagrant/code/aroka-book-store/resources/views/admin/authors/add_author.blade.php) {"exception":"[object] (Symfony\\Component\\Debug\\Exception\\FatalErrorException(code: 1): Method Illuminate\\View\\View::__toString() must not throw an exception, caught ErrorException: Invalid argument supplied for foreach() (View: /home/vagrant/code/aroka-book-store/resources/views/admin/authors/add_author.blade.php) at /home/vagrant/code/aroka-book-store/vendor/crocodicstudio/crudbooster/src/controllers/CBController.php:0)
[stacktrace]
#0 /home/vagrant/code/aroka-book-store/vendor/laravel/framework/src/Illuminate/Foundation/Bootstrap/HandleExceptions.php(137): Symfony\\Component\\Debug\\Exception\\FatalErrorException->__construct()
#1 /home/vagrant/code/aroka-book-store/vendor/laravel/framework/src/Illuminate/Foundation/Bootstrap/HandleExceptions.php(123): Illuminate\\Foundation\\Bootstrap\\HandleExceptions->fatalExceptionFromError()
#2 /home/vagrant/code/aroka-book-store/vendor/laravel/framework/src/Illuminate/Foundation/Bootstrap/HandleExceptions.php(0): Illuminate\\Foundation\\Bootstrap\\HandleExceptions->handleShutdown()
#3 /home/vagrant/code/aroka-book-store/app/Http/Controllers/AdminAuthorsController.php(12): App\\Http\\Controllers\\AdminAuthorsController->cbView()
#4 /home/vagrant/code/aroka-book-store/vendor/laravel/framework/src/Illuminate/Routing/Controller.php(54): App\\Http\\Controllers\\AdminAuthorsController->getAdd()
#5 /home/vagrant/code/aroka-book-store/vendor/laravel/framework/src/Illuminate/Routing/Controller.php(54): call_user_func_array:{/home/vagrant/code/aroka-book-store/vendor/laravel/framework/src/Illuminate/Routing/Controller.php:54}()
#6 /home/vagrant/code/aroka-book-store/vendor/laravel/framework/src/Illuminate/Routing/ControllerDispatcher.php(45): App\\Http\\Controllers\\AdminAuthorsController->callAction()
#7 /home/vagrant/code/aroka-book-store/vendor/laravel/framework/src/Illuminate/Routing/Route.php(219): Illuminate\\Routing\\ControllerDispatcher->dispatch()
#8 /home/vagrant/code/aroka-book-store/vendor/laravel/framework/src/Illuminate/Routing/Route.php(176): Illuminate\\Routing\\Route->runController()
#9 /home/vagrant/code/aroka-book-store/vendor/laravel/framework/src/Illuminate/Routing/Router.php(680): Illuminate\\Routing\\Route->run()
#10 /home/vagrant/code/aroka-book-store/vendor/laravel/framework/src/Illuminate/Routing/Pipeline.php(30): Illuminate\\Routing\\Router->Illuminate\\Routing\\{closure:/home/vagrant/code/aroka-book-store/vendor/laravel/framework/src/Illuminate/Routing/Router.php:678-682}()
#11 /home/vagrant/code/aroka-book-store/vendor/crocodicstudio/crudbooster/src/middlewares/CBBackend.php(30): Illuminate\\Routing\\Pipeline->Illuminate\\Routing\\{closure:/home/vagrant/code/aroka-book-store/vendor/laravel/framework/src/Illuminate/Routing/Pipeline.php:28-36}()
#12 /home/vagrant/code/aroka-book-store/vendor/laravel/framework/src/Illuminate/Pipeline/Pipeline.php(163): crocodicstudio\\crudbooster\\middlewares\\CBBackend->handle()
#13 /home/vagrant/code/aroka-book-store/vendor/laravel/framework/src/Illuminate/Routing/Pipeline.php(53): Illuminate\\Routing\\Pipeline->Illuminate\\Pipeline\\{closure:/home/vagrant/code/aroka-book-store/vendor/laravel/framework/src/Illuminate/Pipeline/Pipeline.php:140-169}()
#14 /home/vagrant/code/aroka-book-store/vendor/laravel/framework/src/Illuminate/Routing/Middleware/SubstituteBindings.php(41): Illuminate\\Routing\\Pipeline->Illuminate\\Routing\\{closure:/home/vagrant/code/aroka-book-store/vendor/laravel/framework/src/Illuminate/Routing/Pipeline.php:47-59}()
#15 /home/vagrant/code/aroka-book-store/vendor/laravel/framework/src/Illuminate/Pipeline/Pipeline.php(163): Illuminate\\Routing\\Middleware\\SubstituteBindings->handle()
#16 /home/vagrant/code/aroka-book-store/vendor/laravel/framework/src/Illuminate/Routing/Pipeline.php(53): Illuminate\\Routing\\Pipeline->Illuminate\\Pipeline\\{closure:/home/vagrant/code/aroka-book-store/vendor/laravel/framework/src/Illuminate/Pipeline/Pipeline.php:140-169}()
#17 /home/vagrant/code/aroka-book-store/vendor/laravel/framework/src/Illuminate/Foundation/Http/Middleware/VerifyCsrfToken.php(75): Illuminate\\Routing\\Pipeline->Illuminate\\Routing\\{closure:/home/vagrant/code/aroka-book-store/vendor/laravel/framework/src/Illuminate/Routing/Pipeline.php:47-59}()
#18 /home/vagrant/code/aroka-book-store/vendor/laravel/framework/src/Illuminate/Pipeline/Pipeline.php(163): App\\Http\\Middleware\\VerifyCsrfToken->handle()
#19 /home/vagrant/code/aroka-book-store/vendor/laravel/framework/src/Illuminate/Routing/Pipeline.php(53): Illuminate\\Routing\\Pipeline->Illuminate\\Pipeline\\{closure:/home/vagrant/code/aroka-book-store/vendor/laravel/framework/src/Illuminate/Pipeline/Pipeline.php:140-169}()
#20 /home/vagrant/code/aroka-book-store/vendor/laravel/framework/src/Illuminate/View/Middleware/ShareErrorsFromSession.php(49): Illuminate\\Routing\\Pipeline->Illuminate\\Routing\\{closure:/home/vagrant/code/aroka-book-store/vendor/laravel/framework/src/Illuminate/Routing/Pipeline.php:47-59}()
#21 /home/vagrant/code/aroka-book-store/vendor/laravel/framework/src/Illuminate/Pipeline/Pipeline.php(163): Illuminate\\View\\Middleware\\ShareErrorsFromSession->handle()
#22 /home/vagrant/code/aroka-book-store/vendor/laravel/framework/src/Illuminate/Routing/Pipeline.php(53): Illuminate\\Routing\\Pipeline->Illuminate\\Pipeline\\{closure:/home/vagrant/code/aroka-book-store/vendor/laravel/framework/src/Illuminate/Pipeline/Pipeline.php:140-169}()
#23 /home/vagrant/code/aroka-book-store/vendor/laravel/framework/src/Illuminate/Session/Middleware/StartSession.php(56): Illuminate\\Routing\\Pipeline->Illuminate\\Routing\\{closure:/home/vagrant/code/aroka-book-store/vendor/laravel/framework/src/Illuminate/Routing/Pipeline.php:47-59}()
#24 /home/vagrant/code/aroka-book-store/vendor/laravel/framework/src/Illuminate/Pipeline/Pipeline.php(163): Illuminate\\Session\\Middleware\\StartSession->handle()
#25 /home/vagrant/code/aroka-book-store/vendor/laravel/framework/src/Illuminate/Routing/Pipeline.php(53): Illuminate\\Routing\\Pipeline->Illuminate\\Pipeline\\{closure:/home/vagrant/code/aroka-book-store/vendor/laravel/framework/src/Illuminate/Pipeline/Pipeline.php:140-169}()
#26 /home/vagrant/code/aroka-book-store/vendor/laravel/framework/src/Illuminate/Cookie/Middleware/AddQueuedCookiesToResponse.php(37): Illuminate\\Routing\\Pipeline->Illuminate\\Routing\\{closure:/home/vagrant/code/aroka-book-store/vendor/laravel/framework/src/Illuminate/Routing/Pipeline.php:47-59}()
#27 /home/vagrant/code/aroka-book-store/vendor/laravel/framework/src/Illuminate/Pipeline/Pipeline.php(163): Illuminate\\Cookie\\Middleware\\AddQueuedCookiesToResponse->handle()
#28 /home/vagrant/code/aroka-book-store/vendor/laravel/framework/src/Illuminate/Routing/Pipeline.php(53): Illuminate\\Routing\\Pipeline->Illuminate\\Pipeline\\{closure:/home/vagrant/code/aroka-book-store/vendor/laravel/framework/src/Illuminate/Pipeline/Pipeline.php:140-169}()
#29 /home/vagrant/code/aroka-book-store/vendor/laravel/framework/src/Illuminate/Cookie/Middleware/EncryptCookies.php(66): Illuminate\\Routing\\Pipeline->Illuminate\\Routing\\{closure:/home/vagrant/code/aroka-book-store/vendor/laravel/framework/src/Illuminate/Routing/Pipeline.php:47-59}()
#30 /home/vagrant/code/aroka-book-store/vendor/laravel/framework/src/Illuminate/Pipeline/Pipeline.php(163): App\\Http\\Middleware\\EncryptCookies->handle()
#31 /home/vagrant/code/aroka-book-store/vendor/laravel/framework/src/Illuminate/Routing/Pipeline.php(53): Illuminate\\Routing\\Pipeline->Illuminate\\Pipeline\\{closure:/home/vagrant/code/aroka-book-store/vendor/laravel/framework/src/Illuminate/Pipeline/Pipeline.php:140-169}()
#32 /home/vagrant/code/aroka-book-store/vendor/laravel/framework/src/Illuminate/Pipeline/Pipeline.php(104): Illuminate\\Routing\\Pipeline->Illuminate\\Routing\\{closure:/home/vagrant/code/aroka-book-store/vendor/laravel/framework/src/Illuminate/Routing/Pipeline.php:47-59}()
#33 /home/vagrant/code/aroka-book-store/vendor/laravel/framework/src/Illuminate/Routing/Router.php(682): Illuminate\\Routing\\Pipeline->then()
#34 /home/vagrant/code/aroka-book-store/vendor/laravel/framework/src/Illuminate/Routing/Router.php(657): Illuminate\\Routing\\Router->runRouteWithinStack()
#35 /home/vagrant/code/aroka-book-store/vendor/laravel/framework/src/Illuminate/Routing/Router.php(623): Illuminate\\Routing\\Router->runRoute()
#36 /home/vagrant/code/aroka-book-store/vendor/laravel/framework/src/Illuminate/Routing/Router.php(612): Illuminate\\Routing\\Router->dispatchToRoute()
#37 /home/vagrant/code/aroka-book-store/vendor/laravel/framework/src/Illuminate/Foundation/Http/Kernel.php(176): Illuminate\\Routing\\Router->dispatch()
#38 /home/vagrant/code/aroka-book-store/vendor/laravel/framework/src/Illuminate/Routing/Pipeline.php(30): App\\Http\\Kernel->Illuminate\\Foundation\\Http\\{closure:/home/vagrant/code/aroka-book-store/vendor/laravel/framework/src/Illuminate/Foundation/Http/Kernel.php:173-177}()
#39 /home/vagrant/code/aroka-book-store/vendor/laravel/framework/src/Illuminate/Foundation/Http/Middleware/TransformsRequest.php(21): Illuminate\\Routing\\Pipeline->Illuminate\\Routing\\{closure:/home/vagrant/code/aroka-book-store/vendor/laravel/framework/src/Illuminate/Routing/Pipeline.php:28-36}()
#40 /home/vagrant/code/aroka-book-store/vendor/laravel/framework/src/Illuminate/Pipeline/Pipeline.php(163): Illuminate\\Foundation\\Http\\Middleware\\ConvertEmptyStringsToNull->handle()
#41 /home/vagrant/code/aroka-book-store/vendor/laravel/framework/src/Illuminate/Routing/Pipeline.php(53): Illuminate\\Routing\\Pipeline->Illuminate\\Pipeline\\{closure:/home/vagrant/code/aroka-book-store/vendor/laravel/framework/src/Illuminate/Pipeline/Pipeline.php:140-169}()
#42 /home/vagrant/code/aroka-book-store/vendor/laravel/framework/src/Illuminate/Foundation/Http/Middleware/TransformsRequest.php(21): Illuminate\\Routing\\Pipeline->Illuminate\\Routing\\{closure:/home/vagrant/code/aroka-book-store/vendor/laravel/framework/src/Illuminate/Routing/Pipeline.php:47-59}()
#43 /home/vagrant/code/aroka-book-store/vendor/laravel/framework/src/Illuminate/Pipeline/Pipeline.php(163): App\\Http\\Middleware\\TrimStrings->handle()
#44 /home/vagrant/code/aroka-book-store/vendor/laravel/framework/src/Illuminate/Routing/Pipeline.php(53): Illuminate\\Routing\\Pipeline->Illuminate\\Pipeline\\{closure:/home/vagrant/code/aroka-book-store/vendor/laravel/framework/src/Illuminate/Pipeline/Pipeline.php:140-169}()
#45 /home/vagrant/code/aroka-book-store/vendor/laravel/framework/src/Illuminate/Foundation/Http/Middleware/ValidatePostSize.php(27): Illuminate\\Routing\\Pipeline->Illuminate\\Routing\\{closure:/home/vagrant/code/aroka-book-store/vendor/laravel/framework/src/Illuminate/Routing/Pipeline.php:47-59}()
#46 /home/vagrant/code/aroka-book-store/vendor/laravel/framework/src/Illuminate/Pipeline/Pipeline.php(163): Illuminate\\Foundation\\Http\\Middleware\\ValidatePostSize->handle()
#47 /home/vagrant/code/aroka-book-store/vendor/laravel/framework/src/Illuminate/Routing/Pipeline.php(53): Illuminate\\Routing\\Pipeline->Illuminate\\Pipeline\\{closure:/home/vagrant/code/aroka-book-store/vendor/laravel/framework/src/Illuminate/Pipeline/Pipeline.php:140-169}()
#48 /home/vagrant/code/aroka-book-store/vendor/laravel/framework/src/Illuminate/Foundation/Http/Middleware/CheckForMaintenanceMode.php(62): Illuminate\\Routing\\Pipeline->Illuminate\\Routing\\{closure:/home/vagrant/code/aroka-book-store/vendor/laravel/framework/src/Illuminate/Routing/Pipeline.php:47-59}()
#49 /home/vagrant/code/aroka-book-store/vendor/laravel/framework/src/Illuminate/Pipeline/Pipeline.php(163): Illuminate\\Foundation\\Http\\Middleware\\CheckForMaintenanceMode->handle()
#50 /home/vagrant/code/aroka-book-store/vendor/laravel/framework/src/Illuminate/Routing/Pipeline.php(53): Illuminate\\Routing\\Pipeline->Illuminate\\Pipeline\\{closure:/home/vagrant/code/aroka-book-store/vendor/laravel/framework/src/Illuminate/Pipeline/Pipeline.php:140-169}()
#51 /home/vagrant/code/aroka-book-store/vendor/laravel/framework/src/Illuminate/Pipeline/Pipeline.php(104): Illuminate\\Routing\\Pipeline->Illuminate\\Routing\\{closure:/home/vagrant/code/aroka-book-store/vendor/laravel/framework/src/Illuminate/Routing/Pipeline.php:47-59}()
#52 /home/vagrant/code/aroka-book-store/vendor/laravel/framework/src/Illuminate/Foundation/Http/Kernel.php(151): Illuminate\\Routing\\Pipeline->then()
#53 /home/vagrant/code/aroka-book-store/vendor/laravel/framework/src/Illuminate/Foundation/Http/Kernel.php(116): App\\Http\\Kernel->sendRequestThroughRouter()
#54 /home/vagrant/code/aroka-book-store/public/index.php(53): App\\Http\\Kernel->handle()
#55 /home/vagrant/code/aroka-book-store/public/index.php(0): {main}()
#56 {main}
"} 
[2019-05-24 08:26:44] local.ERROR: SQLSTATE[42S02]: Base table or view not found: 1146 Table 'aroka_book_store.pen_name' doesn't exist (SQL: select * from `pen_name`) {"exception":"[object] (Illuminate\\Database\\QueryException(code: 42S02): SQLSTATE[42S02]: Base table or view not found: 1146 Table 'aroka_book_store.pen_name' doesn't exist (SQL: select * from `pen_name`) at /home/vagrant/code/aroka-book-store/vendor/laravel/framework/src/Illuminate/Database/Connection.php:664, Doctrine\\DBAL\\Driver\\PDOException(code: 42S02): SQLSTATE[42S02]: Base table or view not found: 1146 Table 'aroka_book_store.pen_name' doesn't exist at /home/vagrant/code/aroka-book-store/vendor/doctrine/dbal/lib/Doctrine/DBAL/Driver/PDOConnection.php:63, PDOException(code: 42S02): SQLSTATE[42S02]: Base table or view not found: 1146 Table 'aroka_book_store.pen_name' doesn't exist at /home/vagrant/code/aroka-book-store/vendor/doctrine/dbal/lib/Doctrine/DBAL/Driver/PDOConnection.php:61)
[stacktrace]
#0 /home/vagrant/code/aroka-book-store/vendor/laravel/framework/src/Illuminate/Database/Connection.php(624): Illuminate\\Database\\Connection->runQueryCallback('select * from `...', Array, Object(Closure))
#1 /home/vagrant/code/aroka-book-store/vendor/laravel/framework/src/Illuminate/Database/Connection.php(333): Illuminate\\Database\\Connection->run('select * from `...', Array, Object(Closure))
#2 /home/vagrant/code/aroka-book-store/vendor/laravel/framework/src/Illuminate/Database/Query/Builder.php(2124): Illuminate\\Database\\Connection->select('select * from `...', Array, true)
#3 /home/vagrant/code/aroka-book-store/vendor/laravel/framework/src/Illuminate/Database/Query/Builder.php(2112): Illuminate\\Database\\Query\\Builder->runSelect()
#4 /home/vagrant/code/aroka-book-store/vendor/laravel/framework/src/Illuminate/Database/Query/Builder.php(2598): Illuminate\\Database\\Query\\Builder->Illuminate\\Database\\Query\\{closure}()
#5 /home/vagrant/code/aroka-book-store/vendor/laravel/framework/src/Illuminate/Database/Query/Builder.php(2113): Illuminate\\Database\\Query\\Builder->onceWithColumns(Array, Object(Closure))
#6 /home/vagrant/code/aroka-book-store/vendor/laravel/framework/src/Illuminate/Database/Eloquent/Builder.php(521): Illuminate\\Database\\Query\\Builder->get(Array)
#7 /home/vagrant/code/aroka-book-store/vendor/laravel/framework/src/Illuminate/Database/Eloquent/Builder.php(505): Illuminate\\Database\\Eloquent\\Builder->getModels(Array)
#8 /home/vagrant/code/aroka-book-store/vendor/laravel/framework/src/Illuminate/Support/Traits/ForwardsCalls.php(23): Illuminate\\Database\\Eloquent\\Builder->get()
#9 /home/vagrant/code/aroka-book-store/vendor/laravel/framework/src/Illuminate/Database/Eloquent/Model.php(1614): Illuminate\\Database\\Eloquent\\Model->forwardCallTo(Object(Illuminate\\Database\\Eloquent\\Builder), 'get', Array)
#10 /home/vagrant/code/aroka-book-store/vendor/laravel/framework/src/Illuminate/Database/Eloquent/Model.php(1626): Illuminate\\Database\\Eloquent\\Model->__call('get', Array)
#11 /home/vagrant/code/aroka-book-store/app/Http/Controllers/AdminAuthorsController.php(13): Illuminate\\Database\\Eloquent\\Model::__callStatic('get', Array)
#12 [internal function]: App\\Http\\Controllers\\AdminAuthorsController->getAdd()
#13 /home/vagrant/code/aroka-book-store/vendor/laravel/framework/src/Illuminate/Routing/Controller.php(54): call_user_func_array(Array, Array)
#14 /home/vagrant/code/aroka-book-store/vendor/laravel/framework/src/Illuminate/Routing/ControllerDispatcher.php(45): Illuminate\\Routing\\Controller->callAction('getAdd', Array)
#15 /home/vagrant/code/aroka-book-store/vendor/laravel/framework/src/Illuminate/Routing/Route.php(219): Illuminate\\Routing\\ControllerDispatcher->dispatch(Object(Illuminate\\Routing\\Route), Object(App\\Http\\Controllers\\AdminAuthorsController), 'getAdd')
#16 /home/vagrant/code/aroka-book-store/vendor/laravel/framework/src/Illuminate/Routing/Route.php(176): Illuminate\\Routing\\Route->runController()
#17 /home/vagrant/code/aroka-book-store/vendor/laravel/framework/src/Illuminate/Routing/Router.php(680): Illuminate\\Routing\\Route->run()
#18 /home/vagrant/code/aroka-book-store/vendor/laravel/framework/src/Illuminate/Routing/Pipeline.php(30): Illuminate\\Routing\\Router->Illuminate\\Routing\\{closure}(Object(Illuminate\\Http\\Request))
#19 /home/vagrant/code/aroka-book-store/vendor/crocodicstudio/crudbooster/src/middlewares/CBBackend.php(30): Illuminate\\Routing\\Pipeline->Illuminate\\Routing\\{closure}(Object(Illuminate\\Http\\Request))
#20 /home/vagrant/code/aroka-book-store/vendor/laravel/framework/src/Illuminate/Pipeline/Pipeline.php(163): crocodicstudio\\crudbooster\\middlewares\\CBBackend->handle(Object(Illuminate\\Http\\Request), Object(Closure))
#21 /home/vagrant/code/aroka-book-store/vendor/laravel/framework/src/Illuminate/Routing/Pipeline.php(53): Illuminate\\Pipeline\\Pipeline->Illuminate\\Pipeline\\{closure}(Object(Illuminate\\Http\\Request))
#22 /home/vagrant/code/aroka-book-store/vendor/laravel/framework/src/Illuminate/Routing/Middleware/SubstituteBindings.php(41): Illuminate\\Routing\\Pipeline->Illuminate\\Routing\\{closure}(Object(Illuminate\\Http\\Request))
#23 /home/vagrant/code/aroka-book-store/vendor/laravel/framework/src/Illuminate/Pipeline/Pipeline.php(163): Illuminate\\Routing\\Middleware\\SubstituteBindings->handle(Object(Illuminate\\Http\\Request), Object(Closure))
#24 /home/vagrant/code/aroka-book-store/vendor/laravel/framework/src/Illuminate/Routing/Pipeline.php(53): Illuminate\\Pipeline\\Pipeline->Illuminate\\Pipeline\\{closure}(Object(Illuminate\\Http\\Request))
#25 /home/vagrant/code/aroka-book-store/vendor/laravel/framework/src/Illuminate/Foundation/Http/Middleware/VerifyCsrfToken.php(75): Illuminate\\Routing\\Pipeline->Illuminate\\Routing\\{closure}(Object(Illuminate\\Http\\Request))
#26 /home/vagrant/code/aroka-book-store/vendor/laravel/framework/src/Illuminate/Pipeline/Pipeline.php(163): Illuminate\\Foundation\\Http\\Middleware\\VerifyCsrfToken->handle(Object(Illuminate\\Http\\Request), Object(Closure))
#27 /home/vagrant/code/aroka-book-store/vendor/laravel/framework/src/Illuminate/Routing/Pipeline.php(53): Illuminate\\Pipeline\\Pipeline->Illuminate\\Pipeline\\{closure}(Object(Illuminate\\Http\\Request))
#28 /home/vagrant/code/aroka-book-store/vendor/laravel/framework/src/Illuminate/View/Middleware/ShareErrorsFromSession.php(49): Illuminate\\Routing\\Pipeline->Illuminate\\Routing\\{closure}(Object(Illuminate\\Http\\Request))
#29 /home/vagrant/code/aroka-book-store/vendor/laravel/framework/src/Illuminate/Pipeline/Pipeline.php(163): Illuminate\\View\\Middleware\\ShareErrorsFromSession->handle(Object(Illuminate\\Http\\Request), Object(Closure))
#30 /home/vagrant/code/aroka-book-store/vendor/laravel/framework/src/Illuminate/Routing/Pipeline.php(53): Illuminate\\Pipeline\\Pipeline->Illuminate\\Pipeline\\{closure}(Object(Illuminate\\Http\\Request))
#31 /home/vagrant/code/aroka-book-store/vendor/laravel/framework/src/Illuminate/Session/Middleware/StartSession.php(56): Illuminate\\Routing\\Pipeline->Illuminate\\Routing\\{closure}(Object(Illuminate\\Http\\Request))
#32 /home/vagrant/code/aroka-book-store/vendor/laravel/framework/src/Illuminate/Pipeline/Pipeline.php(163): Illuminate\\Session\\Middleware\\StartSession->handle(Object(Illuminate\\Http\\Request), Object(Closure))
#33 /home/vagrant/code/aroka-book-store/vendor/laravel/framework/src/Illuminate/Routing/Pipeline.php(53): Illuminate\\Pipeline\\Pipeline->Illuminate\\Pipeline\\{closure}(Object(Illuminate\\Http\\Request))
#34 /home/vagrant/code/aroka-book-store/vendor/laravel/framework/src/Illuminate/Cookie/Middleware/AddQueuedCookiesToResponse.php(37): Illuminate\\Routing\\Pipeline->Illuminate\\Routing\\{closure}(Object(Illuminate\\Http\\Request))
#35 /home/vagrant/code/aroka-book-store/vendor/laravel/framework/src/Illuminate/Pipeline/Pipeline.php(163): Illuminate\\Cookie\\Middleware\\AddQueuedCookiesToResponse->handle(Object(Illuminate\\Http\\Request), Object(Closure))
#36 /home/vagrant/code/aroka-book-store/vendor/laravel/framework/src/Illuminate/Routing/Pipeline.php(53): Illuminate\\Pipeline\\Pipeline->Illuminate\\Pipeline\\{closure}(Object(Illuminate\\Http\\Request))
#37 /home/vagrant/code/aroka-book-store/vendor/laravel/framework/src/Illuminate/Cookie/Middleware/EncryptCookies.php(66): Illuminate\\Routing\\Pipeline->Illuminate\\Routing\\{closure}(Object(Illuminate\\Http\\Request))
#38 /home/vagrant/code/aroka-book-store/vendor/laravel/framework/src/Illuminate/Pipeline/Pipeline.php(163): Illuminate\\Cookie\\Middleware\\EncryptCookies->handle(Object(Illuminate\\Http\\Request), Object(Closure))
#39 /home/vagrant/code/aroka-book-store/vendor/laravel/framework/src/Illuminate/Routing/Pipeline.php(53): Illuminate\\Pipeline\\Pipeline->Illuminate\\Pipeline\\{closure}(Object(Illuminate\\Http\\Request))
#40 /home/vagrant/code/aroka-book-store/vendor/laravel/framework/src/Illuminate/Pipeline/Pipeline.php(104): Illuminate\\Routing\\Pipeline->Illuminate\\Routing\\{closure}(Object(Illuminate\\Http\\Request))
#41 /home/vagrant/code/aroka-book-store/vendor/laravel/framework/src/Illuminate/Routing/Router.php(682): Illuminate\\Pipeline\\Pipeline->then(Object(Closure))
#42 /home/vagrant/code/aroka-book-store/vendor/laravel/framework/src/Illuminate/Routing/Router.php(657): Illuminate\\Routing\\Router->runRouteWithinStack(Object(Illuminate\\Routing\\Route), Object(Illuminate\\Http\\Request))
#43 /home/vagrant/code/aroka-book-store/vendor/laravel/framework/src/Illuminate/Routing/Router.php(623): Illuminate\\Routing\\Router->runRoute(Object(Illuminate\\Http\\Request), Object(Illuminate\\Routing\\Route))
#44 /home/vagrant/code/aroka-book-store/vendor/laravel/framework/src/Illuminate/Routing/Router.php(612): Illuminate\\Routing\\Router->dispatchToRoute(Object(Illuminate\\Http\\Request))
#45 /home/vagrant/code/aroka-book-store/vendor/laravel/framework/src/Illuminate/Foundation/Http/Kernel.php(176): Illuminate\\Routing\\Router->dispatch(Object(Illuminate\\Http\\Request))
#46 /home/vagrant/code/aroka-book-store/vendor/laravel/framework/src/Illuminate/Routing/Pipeline.php(30): Illuminate\\Foundation\\Http\\Kernel->Illuminate\\Foundation\\Http\\{closure}(Object(Illuminate\\Http\\Request))
#47 /home/vagrant/code/aroka-book-store/vendor/laravel/framework/src/Illuminate/Foundation/Http/Middleware/TransformsRequest.php(21): Illuminate\\Routing\\Pipeline->Illuminate\\Routing\\{closure}(Object(Illuminate\\Http\\Request))
#48 /home/vagrant/code/aroka-book-store/vendor/laravel/framework/src/Illuminate/Pipeline/Pipeline.php(163): Illuminate\\Foundation\\Http\\Middleware\\TransformsRequest->handle(Object(Illuminate\\Http\\Request), Object(Closure))
#49 /home/vagrant/code/aroka-book-store/vendor/laravel/framework/src/Illuminate/Routing/Pipeline.php(53): Illuminate\\Pipeline\\Pipeline->Illuminate\\Pipeline\\{closure}(Object(Illuminate\\Http\\Request))
#50 /home/vagrant/code/aroka-book-store/vendor/laravel/framework/src/Illuminate/Foundation/Http/Middleware/TransformsRequest.php(21): Illuminate\\Routing\\Pipeline->Illuminate\\Routing\\{closure}(Object(Illuminate\\Http\\Request))
#51 /home/vagrant/code/aroka-book-store/vendor/laravel/framework/src/Illuminate/Pipeline/Pipeline.php(163): Illuminate\\Foundation\\Http\\Middleware\\TransformsRequest->handle(Object(Illuminate\\Http\\Request), Object(Closure))
#52 /home/vagrant/code/aroka-book-store/vendor/laravel/framework/src/Illuminate/Routing/Pipeline.php(53): Illuminate\\Pipeline\\Pipeline->Illuminate\\Pipeline\\{closure}(Object(Illuminate\\Http\\Request))
#53 /home/vagrant/code/aroka-book-store/vendor/laravel/framework/src/Illuminate/Foundation/Http/Middleware/ValidatePostSize.php(27): Illuminate\\Routing\\Pipeline->Illuminate\\Routing\\{closure}(Object(Illuminate\\Http\\Request))
#54 /home/vagrant/code/aroka-book-store/vendor/laravel/framework/src/Illuminate/Pipeline/Pipeline.php(163): Illuminate\\Foundation\\Http\\Middleware\\ValidatePostSize->handle(Object(Illuminate\\Http\\Request), Object(Closure))
#55 /home/vagrant/code/aroka-book-store/vendor/laravel/framework/src/Illuminate/Routing/Pipeline.php(53): Illuminate\\Pipeline\\Pipeline->Illuminate\\Pipeline\\{closure}(Object(Illuminate\\Http\\Request))
#56 /home/vagrant/code/aroka-book-store/vendor/laravel/framework/src/Illuminate/Foundation/Http/Middleware/CheckForMaintenanceMode.php(62): Illuminate\\Routing\\Pipeline->Illuminate\\Routing\\{closure}(Object(Illuminate\\Http\\Request))
#57 /home/vagrant/code/aroka-book-store/vendor/laravel/framework/src/Illuminate/Pipeline/Pipeline.php(163): Illuminate\\Foundation\\Http\\Middleware\\CheckForMaintenanceMode->handle(Object(Illuminate\\Http\\Request), Object(Closure))
#58 /home/vagrant/code/aroka-book-store/vendor/laravel/framework/src/Illuminate/Routing/Pipeline.php(53): Illuminate\\Pipeline\\Pipeline->Illuminate\\Pipeline\\{closure}(Object(Illuminate\\Http\\Request))
#59 /home/vagrant/code/aroka-book-store/vendor/laravel/framework/src/Illuminate/Pipeline/Pipeline.php(104): Illuminate\\Routing\\Pipeline->Illuminate\\Routing\\{closure}(Object(Illuminate\\Http\\Request))
#60 /home/vagrant/code/aroka-book-store/vendor/laravel/framework/src/Illuminate/Foundation/Http/Kernel.php(151): Illuminate\\Pipeline\\Pipeline->then(Object(Closure))
#61 /home/vagrant/code/aroka-book-store/vendor/laravel/framework/src/Illuminate/Foundation/Http/Kernel.php(116): Illuminate\\Foundation\\Http\\Kernel->sendRequestThroughRouter(Object(Illuminate\\Http\\Request))
#62 /home/vagrant/code/aroka-book-store/public/index.php(53): Illuminate\\Foundation\\Http\\Kernel->handle(Object(Illuminate\\Http\\Request))
#63 {main}
"} 
[2019-05-24 08:27:39] local.ERROR: Method Illuminate\View\View::__toString() must not throw an exception, caught ErrorException: Property [pen_name] does not exist on this collection instance. (View: /home/vagrant/code/aroka-book-store/resources/views/admin/authors/add_author.blade.php) {"exception":"[object] (Symfony\\Component\\Debug\\Exception\\FatalErrorException(code: 1): Method Illuminate\\View\\View::__toString() must not throw an exception, caught ErrorException: Property [pen_name] does not exist on this collection instance. (View: /home/vagrant/code/aroka-book-store/resources/views/admin/authors/add_author.blade.php) at /home/vagrant/code/aroka-book-store/vendor/crocodicstudio/crudbooster/src/controllers/CBController.php:0)
[stacktrace]
#0 /home/vagrant/code/aroka-book-store/vendor/laravel/framework/src/Illuminate/Foundation/Bootstrap/HandleExceptions.php(137): Symfony\\Component\\Debug\\Exception\\FatalErrorException->__construct()
#1 /home/vagrant/code/aroka-book-store/vendor/laravel/framework/src/Illuminate/Foundation/Bootstrap/HandleExceptions.php(123): Illuminate\\Foundation\\Bootstrap\\HandleExceptions->fatalExceptionFromError()
#2 /home/vagrant/code/aroka-book-store/vendor/laravel/framework/src/Illuminate/Foundation/Bootstrap/HandleExceptions.php(0): Illuminate\\Foundation\\Bootstrap\\HandleExceptions->handleShutdown()
#3 /home/vagrant/code/aroka-book-store/app/Http/Controllers/AdminAuthorsController.php(14): App\\Http\\Controllers\\AdminAuthorsController->cbView()
#4 /home/vagrant/code/aroka-book-store/vendor/laravel/framework/src/Illuminate/Routing/Controller.php(54): App\\Http\\Controllers\\AdminAuthorsController->getAdd()
#5 /home/vagrant/code/aroka-book-store/vendor/laravel/framework/src/Illuminate/Routing/Controller.php(54): call_user_func_array:{/home/vagrant/code/aroka-book-store/vendor/laravel/framework/src/Illuminate/Routing/Controller.php:54}()
#6 /home/vagrant/code/aroka-book-store/vendor/laravel/framework/src/Illuminate/Routing/ControllerDispatcher.php(45): App\\Http\\Controllers\\AdminAuthorsController->callAction()
#7 /home/vagrant/code/aroka-book-store/vendor/laravel/framework/src/Illuminate/Routing/Route.php(219): Illuminate\\Routing\\ControllerDispatcher->dispatch()
#8 /home/vagrant/code/aroka-book-store/vendor/laravel/framework/src/Illuminate/Routing/Route.php(176): Illuminate\\Routing\\Route->runController()
#9 /home/vagrant/code/aroka-book-store/vendor/laravel/framework/src/Illuminate/Routing/Router.php(680): Illuminate\\Routing\\Route->run()
#10 /home/vagrant/code/aroka-book-store/vendor/laravel/framework/src/Illuminate/Routing/Pipeline.php(30): Illuminate\\Routing\\Router->Illuminate\\Routing\\{closure:/home/vagrant/code/aroka-book-store/vendor/laravel/framework/src/Illuminate/Routing/Router.php:678-682}()
#11 /home/vagrant/code/aroka-book-store/vendor/crocodicstudio/crudbooster/src/middlewares/CBBackend.php(30): Illuminate\\Routing\\Pipeline->Illuminate\\Routing\\{closure:/home/vagrant/code/aroka-book-store/vendor/laravel/framework/src/Illuminate/Routing/Pipeline.php:28-36}()
#12 /home/vagrant/code/aroka-book-store/vendor/laravel/framework/src/Illuminate/Pipeline/Pipeline.php(163): crocodicstudio\\crudbooster\\middlewares\\CBBackend->handle()
#13 /home/vagrant/code/aroka-book-store/vendor/laravel/framework/src/Illuminate/Routing/Pipeline.php(53): Illuminate\\Routing\\Pipeline->Illuminate\\Pipeline\\{closure:/home/vagrant/code/aroka-book-store/vendor/laravel/framework/src/Illuminate/Pipeline/Pipeline.php:140-169}()
#14 /home/vagrant/code/aroka-book-store/vendor/laravel/framework/src/Illuminate/Routing/Middleware/SubstituteBindings.php(41): Illuminate\\Routing\\Pipeline->Illuminate\\Routing\\{closure:/home/vagrant/code/aroka-book-store/vendor/laravel/framework/src/Illuminate/Routing/Pipeline.php:47-59}()
#15 /home/vagrant/code/aroka-book-store/vendor/laravel/framework/src/Illuminate/Pipeline/Pipeline.php(163): Illuminate\\Routing\\Middleware\\SubstituteBindings->handle()
#16 /home/vagrant/code/aroka-book-store/vendor/laravel/framework/src/Illuminate/Routing/Pipeline.php(53): Illuminate\\Routing\\Pipeline->Illuminate\\Pipeline\\{closure:/home/vagrant/code/aroka-book-store/vendor/laravel/framework/src/Illuminate/Pipeline/Pipeline.php:140-169}()
#17 /home/vagrant/code/aroka-book-store/vendor/laravel/framework/src/Illuminate/Foundation/Http/Middleware/VerifyCsrfToken.php(75): Illuminate\\Routing\\Pipeline->Illuminate\\Routing\\{closure:/home/vagrant/code/aroka-book-store/vendor/laravel/framework/src/Illuminate/Routing/Pipeline.php:47-59}()
#18 /home/vagrant/code/aroka-book-store/vendor/laravel/framework/src/Illuminate/Pipeline/Pipeline.php(163): App\\Http\\Middleware\\VerifyCsrfToken->handle()
#19 /home/vagrant/code/aroka-book-store/vendor/laravel/framework/src/Illuminate/Routing/Pipeline.php(53): Illuminate\\Routing\\Pipeline->Illuminate\\Pipeline\\{closure:/home/vagrant/code/aroka-book-store/vendor/laravel/framework/src/Illuminate/Pipeline/Pipeline.php:140-169}()
#20 /home/vagrant/code/aroka-book-store/vendor/laravel/framework/src/Illuminate/View/Middleware/ShareErrorsFromSession.php(49): Illuminate\\Routing\\Pipeline->Illuminate\\Routing\\{closure:/home/vagrant/code/aroka-book-store/vendor/laravel/framework/src/Illuminate/Routing/Pipeline.php:47-59}()
#21 /home/vagrant/code/aroka-book-store/vendor/laravel/framework/src/Illuminate/Pipeline/Pipeline.php(163): Illuminate\\View\\Middleware\\ShareErrorsFromSession->handle()
#22 /home/vagrant/code/aroka-book-store/vendor/laravel/framework/src/Illuminate/Routing/Pipeline.php(53): Illuminate\\Routing\\Pipeline->Illuminate\\Pipeline\\{closure:/home/vagrant/code/aroka-book-store/vendor/laravel/framework/src/Illuminate/Pipeline/Pipeline.php:140-169}()
#23 /home/vagrant/code/aroka-book-store/vendor/laravel/framework/src/Illuminate/Session/Middleware/StartSession.php(56): Illuminate\\Routing\\Pipeline->Illuminate\\Routing\\{closure:/home/vagrant/code/aroka-book-store/vendor/laravel/framework/src/Illuminate/Routing/Pipeline.php:47-59}()
#24 /home/vagrant/code/aroka-book-store/vendor/laravel/framework/src/Illuminate/Pipeline/Pipeline.php(163): Illuminate\\Session\\Middleware\\StartSession->handle()
#25 /home/vagrant/code/aroka-book-store/vendor/laravel/framework/src/Illuminate/Routing/Pipeline.php(53): Illuminate\\Routing\\Pipeline->Illuminate\\Pipeline\\{closure:/home/vagrant/code/aroka-book-store/vendor/laravel/framework/src/Illuminate/Pipeline/Pipeline.php:140-169}()
#26 /home/vagrant/code/aroka-book-store/vendor/laravel/framework/src/Illuminate/Cookie/Middleware/AddQueuedCookiesToResponse.php(37): Illuminate\\Routing\\Pipeline->Illuminate\\Routing\\{closure:/home/vagrant/code/aroka-book-store/vendor/laravel/framework/src/Illuminate/Routing/Pipeline.php:47-59}()
#27 /home/vagrant/code/aroka-book-store/vendor/laravel/framework/src/Illuminate/Pipeline/Pipeline.php(163): Illuminate\\Cookie\\Middleware\\AddQueuedCookiesToResponse->handle()
#28 /home/vagrant/code/aroka-book-store/vendor/laravel/framework/src/Illuminate/Routing/Pipeline.php(53): Illuminate\\Routing\\Pipeline->Illuminate\\Pipeline\\{closure:/home/vagrant/code/aroka-book-store/vendor/laravel/framework/src/Illuminate/Pipeline/Pipeline.php:140-169}()
#29 /home/vagrant/code/aroka-book-store/vendor/laravel/framework/src/Illuminate/Cookie/Middleware/EncryptCookies.php(66): Illuminate\\Routing\\Pipeline->Illuminate\\Routing\\{closure:/home/vagrant/code/aroka-book-store/vendor/laravel/framework/src/Illuminate/Routing/Pipeline.php:47-59}()
#30 /home/vagrant/code/aroka-book-store/vendor/laravel/framework/src/Illuminate/Pipeline/Pipeline.php(163): App\\Http\\Middleware\\EncryptCookies->handle()
#31 /home/vagrant/code/aroka-book-store/vendor/laravel/framework/src/Illuminate/Routing/Pipeline.php(53): Illuminate\\Routing\\Pipeline->Illuminate\\Pipeline\\{closure:/home/vagrant/code/aroka-book-store/vendor/laravel/framework/src/Illuminate/Pipeline/Pipeline.php:140-169}()
#32 /home/vagrant/code/aroka-book-store/vendor/laravel/framework/src/Illuminate/Pipeline/Pipeline.php(104): Illuminate\\Routing\\Pipeline->Illuminate\\Routing\\{closure:/home/vagrant/code/aroka-book-store/vendor/laravel/framework/src/Illuminate/Routing/Pipeline.php:47-59}()
#33 /home/vagrant/code/aroka-book-store/vendor/laravel/framework/src/Illuminate/Routing/Router.php(682): Illuminate\\Routing\\Pipeline->then()
#34 /home/vagrant/code/aroka-book-store/vendor/laravel/framework/src/Illuminate/Routing/Router.php(657): Illuminate\\Routing\\Router->runRouteWithinStack()
#35 /home/vagrant/code/aroka-book-store/vendor/laravel/framework/src/Illuminate/Routing/Router.php(623): Illuminate\\Routing\\Router->runRoute()
#36 /home/vagrant/code/aroka-book-store/vendor/laravel/framework/src/Illuminate/Routing/Router.php(612): Illuminate\\Routing\\Router->dispatchToRoute()
#37 /home/vagrant/code/aroka-book-store/vendor/laravel/framework/src/Illuminate/Foundation/Http/Kernel.php(176): Illuminate\\Routing\\Router->dispatch()
#38 /home/vagrant/code/aroka-book-store/vendor/laravel/framework/src/Illuminate/Routing/Pipeline.php(30): App\\Http\\Kernel->Illuminate\\Foundation\\Http\\{closure:/home/vagrant/code/aroka-book-store/vendor/laravel/framework/src/Illuminate/Foundation/Http/Kernel.php:173-177}()
#39 /home/vagrant/code/aroka-book-store/vendor/laravel/framework/src/Illuminate/Foundation/Http/Middleware/TransformsRequest.php(21): Illuminate\\Routing\\Pipeline->Illuminate\\Routing\\{closure:/home/vagrant/code/aroka-book-store/vendor/laravel/framework/src/Illuminate/Routing/Pipeline.php:28-36}()
#40 /home/vagrant/code/aroka-book-store/vendor/laravel/framework/src/Illuminate/Pipeline/Pipeline.php(163): Illuminate\\Foundation\\Http\\Middleware\\ConvertEmptyStringsToNull->handle()
#41 /home/vagrant/code/aroka-book-store/vendor/laravel/framework/src/Illuminate/Routing/Pipeline.php(53): Illuminate\\Routing\\Pipeline->Illuminate\\Pipeline\\{closure:/home/vagrant/code/aroka-book-store/vendor/laravel/framework/src/Illuminate/Pipeline/Pipeline.php:140-169}()
#42 /home/vagrant/code/aroka-book-store/vendor/laravel/framework/src/Illuminate/Foundation/Http/Middleware/TransformsRequest.php(21): Illuminate\\Routing\\Pipeline->Illuminate\\Routing\\{closure:/home/vagrant/code/aroka-book-store/vendor/laravel/framework/src/Illuminate/Routing/Pipeline.php:47-59}()
#43 /home/vagrant/code/aroka-book-store/vendor/laravel/framework/src/Illuminate/Pipeline/Pipeline.php(163): App\\Http\\Middleware\\TrimStrings->handle()
#44 /home/vagrant/code/aroka-book-store/vendor/laravel/framework/src/Illuminate/Routing/Pipeline.php(53): Illuminate\\Routing\\Pipeline->Illuminate\\Pipeline\\{closure:/home/vagrant/code/aroka-book-store/vendor/laravel/framework/src/Illuminate/Pipeline/Pipeline.php:140-169}()
#45 /home/vagrant/code/aroka-book-store/vendor/laravel/framework/src/Illuminate/Foundation/Http/Middleware/ValidatePostSize.php(27): Illuminate\\Routing\\Pipeline->Illuminate\\Routing\\{closure:/home/vagrant/code/aroka-book-store/vendor/laravel/framework/src/Illuminate/Routing/Pipeline.php:47-59}()
#46 /home/vagrant/code/aroka-book-store/vendor/laravel/framework/src/Illuminate/Pipeline/Pipeline.php(163): Illuminate\\Foundation\\Http\\Middleware\\ValidatePostSize->handle()
#47 /home/vagrant/code/aroka-book-store/vendor/laravel/framework/src/Illuminate/Routing/Pipeline.php(53): Illuminate\\Routing\\Pipeline->Illuminate\\Pipeline\\{closure:/home/vagrant/code/aroka-book-store/vendor/laravel/framework/src/Illuminate/Pipeline/Pipeline.php:140-169}()
#48 /home/vagrant/code/aroka-book-store/vendor/laravel/framework/src/Illuminate/Foundation/Http/Middleware/CheckForMaintenanceMode.php(62): Illuminate\\Routing\\Pipeline->Illuminate\\Routing\\{closure:/home/vagrant/code/aroka-book-store/vendor/laravel/framework/src/Illuminate/Routing/Pipeline.php:47-59}()
#49 /home/vagrant/code/aroka-book-store/vendor/laravel/framework/src/Illuminate/Pipeline/Pipeline.php(163): Illuminate\\Foundation\\Http\\Middleware\\CheckForMaintenanceMode->handle()
#50 /home/vagrant/code/aroka-book-store/vendor/laravel/framework/src/Illuminate/Routing/Pipeline.php(53): Illuminate\\Routing\\Pipeline->Illuminate\\Pipeline\\{closure:/home/vagrant/code/aroka-book-store/vendor/laravel/framework/src/Illuminate/Pipeline/Pipeline.php:140-169}()
#51 /home/vagrant/code/aroka-book-store/vendor/laravel/framework/src/Illuminate/Pipeline/Pipeline.php(104): Illuminate\\Routing\\Pipeline->Illuminate\\Routing\\{closure:/home/vagrant/code/aroka-book-store/vendor/laravel/framework/src/Illuminate/Routing/Pipeline.php:47-59}()
#52 /home/vagrant/code/aroka-book-store/vendor/laravel/framework/src/Illuminate/Foundation/Http/Kernel.php(151): Illuminate\\Routing\\Pipeline->then()
#53 /home/vagrant/code/aroka-book-store/vendor/laravel/framework/src/Illuminate/Foundation/Http/Kernel.php(116): App\\Http\\Kernel->sendRequestThroughRouter()
#54 /home/vagrant/code/aroka-book-store/public/index.php(53): App\\Http\\Kernel->handle()
#55 /home/vagrant/code/aroka-book-store/public/index.php(0): {main}()
#56 {main}
"} 
