[2019-05-27 03:28:43] local.ERROR: Command "make:migrate" is not defined.

Did you mean one of these?
    make:auth
    make:channel
    make:command
    make:controller
    make:event
    make:exception
    make:factory
    make:job
    make:listener
    make:mail
    make:middleware
    make:migration
    make:model
    make:notification
    make:observer
    make:policy
    make:provider
    make:request
    make:resource
    make:rule
    make:seeder
    make:test {"exception":"[object] (Symfony\\Component\\Console\\Exception\\CommandNotFoundException(code: 0): Command \"make:migrate\" is not defined.

Did you mean one of these?
    make:auth
    make:channel
    make:command
    make:controller
    make:event
    make:exception
    make:factory
    make:job
    make:listener
    make:mail
    make:middleware
    make:migration
    make:model
    make:notification
    make:observer
    make:policy
    make:provider
    make:request
    make:resource
    make:rule
    make:seeder
    make:test at /home/vagrant/code/aroka-book-store/vendor/symfony/console/Application.php:639)
[stacktrace]
#0 /home/vagrant/code/aroka-book-store/vendor/symfony/console/Application.php(233): Symfony\\Component\\Console\\Application->find('make:migrate')
#1 /home/vagrant/code/aroka-book-store/vendor/symfony/console/Application.php(145): Symfony\\Component\\Console\\Application->doRun(Object(Symfony\\Component\\Console\\Input\\ArgvInput), Object(Symfony\\Component\\Console\\Output\\ConsoleOutput))
#2 /home/vagrant/code/aroka-book-store/vendor/laravel/framework/src/Illuminate/Console/Application.php(90): Symfony\\Component\\Console\\Application->run(Object(Symfony\\Component\\Console\\Input\\ArgvInput), Object(Symfony\\Component\\Console\\Output\\ConsoleOutput))
#3 /home/vagrant/code/aroka-book-store/vendor/laravel/framework/src/Illuminate/Foundation/Console/Kernel.php(133): Illuminate\\Console\\Application->run(Object(Symfony\\Component\\Console\\Input\\ArgvInput), Object(Symfony\\Component\\Console\\Output\\ConsoleOutput))
#4 /home/vagrant/code/aroka-book-store/artisan(35): Illuminate\\Foundation\\Console\\Kernel->handle(Object(Symfony\\Component\\Console\\Input\\ArgvInput), Object(Symfony\\Component\\Console\\Output\\ConsoleOutput))
#5 {main}
"} 
[2019-05-27 12:03:43] local.ERROR: Method Illuminate\View\View::__toString() must not throw an exception, caught ErrorException: Method select2 does not exist. (View: /home/vagrant/code/aroka-book-store/resources/views/admin/authors/add_author.blade.php) {"exception":"[object] (Symfony\\Component\\Debug\\Exception\\FatalErrorException(code: 1): Method Illuminate\\View\\View::__toString() must not throw an exception, caught ErrorException: Method select2 does not exist. (View: /home/vagrant/code/aroka-book-store/resources/views/admin/authors/add_author.blade.php) at /home/vagrant/code/aroka-book-store/vendor/crocodicstudio/crudbooster/src/controllers/CBController.php:0)
[stacktrace]
#0 /home/vagrant/code/aroka-book-store/vendor/laravel/framework/src/Illuminate/Foundation/Bootstrap/HandleExceptions.php(137): Symfony\\Component\\Debug\\Exception\\FatalErrorException->__construct()
#1 /home/vagrant/code/aroka-book-store/vendor/laravel/framework/src/Illuminate/Foundation/Bootstrap/HandleExceptions.php(123): Illuminate\\Foundation\\Bootstrap\\HandleExceptions->fatalExceptionFromError()
#2 /home/vagrant/code/aroka-book-store/vendor/laravel/framework/src/Illuminate/Foundation/Bootstrap/HandleExceptions.php(0): Illuminate\\Foundation\\Bootstrap\\HandleExceptions->handleShutdown()
#3 /home/vagrant/code/aroka-book-store/app/Http/Controllers/AdminAuthorsController.php(14): App\\Http\\Controllers\\AdminAuthorsController->cbView()
#4 /home/vagrant/code/aroka-book-store/vendor/laravel/framework/src/Illuminate/Routing/Controller.php(54): App\\Http\\Controllers\\AdminAuthorsController->getAdd()
#5 /home/vagrant/code/aroka-book-store/vendor/laravel/framework/src/Illuminate/Routing/Controller.php(54): call_user_func_array:{/home/vagrant/code/aroka-book-store/vendor/laravel/framework/src/Illuminate/Routing/Controller.php:54}()
#6 /home/vagrant/code/aroka-book-store/vendor/laravel/framework/src/Illuminate/Routing/ControllerDispatcher.php(45): App\\Http\\Controllers\\AdminAuthorsController->callAction()
#7 /home/vagrant/code/aroka-book-store/vendor/laravel/framework/src/Illuminate/Routing/Route.php(219): Illuminate\\Routing\\ControllerDispatcher->dispatch()
#8 /home/vagrant/code/aroka-book-store/vendor/laravel/framework/src/Illuminate/Routing/Route.php(176): Illuminate\\Routing\\Route->runController()
#9 /home/vagrant/code/aroka-book-store/vendor/laravel/framework/src/Illuminate/Routing/Router.php(680): Illuminate\\Routing\\Route->run()
#10 /home/vagrant/code/aroka-book-store/vendor/laravel/framework/src/Illuminate/Routing/Pipeline.php(30): Illuminate\\Routing\\Router->Illuminate\\Routing\\{closure:/home/vagrant/code/aroka-book-store/vendor/laravel/framework/src/Illuminate/Routing/Router.php:678-682}()
#11 /home/vagrant/code/aroka-book-store/vendor/crocodicstudio/crudbooster/src/middlewares/CBBackend.php(30): Illuminate\\Routing\\Pipeline->Illuminate\\Routing\\{closure:/home/vagrant/code/aroka-book-store/vendor/laravel/framework/src/Illuminate/Routing/Pipeline.php:28-36}()
#12 /home/vagrant/code/aroka-book-store/vendor/laravel/framework/src/Illuminate/Pipeline/Pipeline.php(163): crocodicstudio\\crudbooster\\middlewares\\CBBackend->handle()
#13 /home/vagrant/code/aroka-book-store/vendor/laravel/framework/src/Illuminate/Routing/Pipeline.php(53): Illuminate\\Routing\\Pipeline->Illuminate\\Pipeline\\{closure:/home/vagrant/code/aroka-book-store/vendor/laravel/framework/src/Illuminate/Pipeline/Pipeline.php:140-169}()
#14 /home/vagrant/code/aroka-book-store/vendor/laravel/framework/src/Illuminate/Routing/Middleware/SubstituteBindings.php(41): Illuminate\\Routing\\Pipeline->Illuminate\\Routing\\{closure:/home/vagrant/code/aroka-book-store/vendor/laravel/framework/src/Illuminate/Routing/Pipeline.php:47-59}()
#15 /home/vagrant/code/aroka-book-store/vendor/laravel/framework/src/Illuminate/Pipeline/Pipeline.php(163): Illuminate\\Routing\\Middleware\\SubstituteBindings->handle()
#16 /home/vagrant/code/aroka-book-store/vendor/laravel/framework/src/Illuminate/Routing/Pipeline.php(53): Illuminate\\Routing\\Pipeline->Illuminate\\Pipeline\\{closure:/home/vagrant/code/aroka-book-store/vendor/laravel/framework/src/Illuminate/Pipeline/Pipeline.php:140-169}()
#17 /home/vagrant/code/aroka-book-store/vendor/laravel/framework/src/Illuminate/Foundation/Http/Middleware/VerifyCsrfToken.php(75): Illuminate\\Routing\\Pipeline->Illuminate\\Routing\\{closure:/home/vagrant/code/aroka-book-store/vendor/laravel/framework/src/Illuminate/Routing/Pipeline.php:47-59}()
#18 /home/vagrant/code/aroka-book-store/vendor/laravel/framework/src/Illuminate/Pipeline/Pipeline.php(163): App\\Http\\Middleware\\VerifyCsrfToken->handle()
#19 /home/vagrant/code/aroka-book-store/vendor/laravel/framework/src/Illuminate/Routing/Pipeline.php(53): Illuminate\\Routing\\Pipeline->Illuminate\\Pipeline\\{closure:/home/vagrant/code/aroka-book-store/vendor/laravel/framework/src/Illuminate/Pipeline/Pipeline.php:140-169}()
#20 /home/vagrant/code/aroka-book-store/vendor/laravel/framework/src/Illuminate/View/Middleware/ShareErrorsFromSession.php(49): Illuminate\\Routing\\Pipeline->Illuminate\\Routing\\{closure:/home/vagrant/code/aroka-book-store/vendor/laravel/framework/src/Illuminate/Routing/Pipeline.php:47-59}()
#21 /home/vagrant/code/aroka-book-store/vendor/laravel/framework/src/Illuminate/Pipeline/Pipeline.php(163): Illuminate\\View\\Middleware\\ShareErrorsFromSession->handle()
#22 /home/vagrant/code/aroka-book-store/vendor/laravel/framework/src/Illuminate/Routing/Pipeline.php(53): Illuminate\\Routing\\Pipeline->Illuminate\\Pipeline\\{closure:/home/vagrant/code/aroka-book-store/vendor/laravel/framework/src/Illuminate/Pipeline/Pipeline.php:140-169}()
#23 /home/vagrant/code/aroka-book-store/vendor/laravel/framework/src/Illuminate/Session/Middleware/StartSession.php(56): Illuminate\\Routing\\Pipeline->Illuminate\\Routing\\{closure:/home/vagrant/code/aroka-book-store/vendor/laravel/framework/src/Illuminate/Routing/Pipeline.php:47-59}()
#24 /home/vagrant/code/aroka-book-store/vendor/laravel/framework/src/Illuminate/Pipeline/Pipeline.php(163): Illuminate\\Session\\Middleware\\StartSession->handle()
#25 /home/vagrant/code/aroka-book-store/vendor/laravel/framework/src/Illuminate/Routing/Pipeline.php(53): Illuminate\\Routing\\Pipeline->Illuminate\\Pipeline\\{closure:/home/vagrant/code/aroka-book-store/vendor/laravel/framework/src/Illuminate/Pipeline/Pipeline.php:140-169}()
#26 /home/vagrant/code/aroka-book-store/vendor/laravel/framework/src/Illuminate/Cookie/Middleware/AddQueuedCookiesToResponse.php(37): Illuminate\\Routing\\Pipeline->Illuminate\\Routing\\{closure:/home/vagrant/code/aroka-book-store/vendor/laravel/framework/src/Illuminate/Routing/Pipeline.php:47-59}()
#27 /home/vagrant/code/aroka-book-store/vendor/laravel/framework/src/Illuminate/Pipeline/Pipeline.php(163): Illuminate\\Cookie\\Middleware\\AddQueuedCookiesToResponse->handle()
#28 /home/vagrant/code/aroka-book-store/vendor/laravel/framework/src/Illuminate/Routing/Pipeline.php(53): Illuminate\\Routing\\Pipeline->Illuminate\\Pipeline\\{closure:/home/vagrant/code/aroka-book-store/vendor/laravel/framework/src/Illuminate/Pipeline/Pipeline.php:140-169}()
#29 /home/vagrant/code/aroka-book-store/vendor/laravel/framework/src/Illuminate/Cookie/Middleware/EncryptCookies.php(66): Illuminate\\Routing\\Pipeline->Illuminate\\Routing\\{closure:/home/vagrant/code/aroka-book-store/vendor/laravel/framework/src/Illuminate/Routing/Pipeline.php:47-59}()
#30 /home/vagrant/code/aroka-book-store/vendor/laravel/framework/src/Illuminate/Pipeline/Pipeline.php(163): App\\Http\\Middleware\\EncryptCookies->handle()
#31 /home/vagrant/code/aroka-book-store/vendor/laravel/framework/src/Illuminate/Routing/Pipeline.php(53): Illuminate\\Routing\\Pipeline->Illuminate\\Pipeline\\{closure:/home/vagrant/code/aroka-book-store/vendor/laravel/framework/src/Illuminate/Pipeline/Pipeline.php:140-169}()
#32 /home/vagrant/code/aroka-book-store/vendor/laravel/framework/src/Illuminate/Pipeline/Pipeline.php(104): Illuminate\\Routing\\Pipeline->Illuminate\\Routing\\{closure:/home/vagrant/code/aroka-book-store/vendor/laravel/framework/src/Illuminate/Routing/Pipeline.php:47-59}()
#33 /home/vagrant/code/aroka-book-store/vendor/laravel/framework/src/Illuminate/Routing/Router.php(682): Illuminate\\Routing\\Pipeline->then()
#34 /home/vagrant/code/aroka-book-store/vendor/laravel/framework/src/Illuminate/Routing/Router.php(657): Illuminate\\Routing\\Router->runRouteWithinStack()
#35 /home/vagrant/code/aroka-book-store/vendor/laravel/framework/src/Illuminate/Routing/Router.php(623): Illuminate\\Routing\\Router->runRoute()
#36 /home/vagrant/code/aroka-book-store/vendor/laravel/framework/src/Illuminate/Routing/Router.php(612): Illuminate\\Routing\\Router->dispatchToRoute()
#37 /home/vagrant/code/aroka-book-store/vendor/laravel/framework/src/Illuminate/Foundation/Http/Kernel.php(176): Illuminate\\Routing\\Router->dispatch()
#38 /home/vagrant/code/aroka-book-store/vendor/laravel/framework/src/Illuminate/Routing/Pipeline.php(30): App\\Http\\Kernel->Illuminate\\Foundation\\Http\\{closure:/home/vagrant/code/aroka-book-store/vendor/laravel/framework/src/Illuminate/Foundation/Http/Kernel.php:173-177}()
#39 /home/vagrant/code/aroka-book-store/vendor/laravel/framework/src/Illuminate/Foundation/Http/Middleware/TransformsRequest.php(21): Illuminate\\Routing\\Pipeline->Illuminate\\Routing\\{closure:/home/vagrant/code/aroka-book-store/vendor/laravel/framework/src/Illuminate/Routing/Pipeline.php:28-36}()
#40 /home/vagrant/code/aroka-book-store/vendor/laravel/framework/src/Illuminate/Pipeline/Pipeline.php(163): Illuminate\\Foundation\\Http\\Middleware\\ConvertEmptyStringsToNull->handle()
#41 /home/vagrant/code/aroka-book-store/vendor/laravel/framework/src/Illuminate/Routing/Pipeline.php(53): Illuminate\\Routing\\Pipeline->Illuminate\\Pipeline\\{closure:/home/vagrant/code/aroka-book-store/vendor/laravel/framework/src/Illuminate/Pipeline/Pipeline.php:140-169}()
#42 /home/vagrant/code/aroka-book-store/vendor/laravel/framework/src/Illuminate/Foundation/Http/Middleware/TransformsRequest.php(21): Illuminate\\Routing\\Pipeline->Illuminate\\Routing\\{closure:/home/vagrant/code/aroka-book-store/vendor/laravel/framework/src/Illuminate/Routing/Pipeline.php:47-59}()
#43 /home/vagrant/code/aroka-book-store/vendor/laravel/framework/src/Illuminate/Pipeline/Pipeline.php(163): App\\Http\\Middleware\\TrimStrings->handle()
#44 /home/vagrant/code/aroka-book-store/vendor/laravel/framework/src/Illuminate/Routing/Pipeline.php(53): Illuminate\\Routing\\Pipeline->Illuminate\\Pipeline\\{closure:/home/vagrant/code/aroka-book-store/vendor/laravel/framework/src/Illuminate/Pipeline/Pipeline.php:140-169}()
#45 /home/vagrant/code/aroka-book-store/vendor/laravel/framework/src/Illuminate/Foundation/Http/Middleware/ValidatePostSize.php(27): Illuminate\\Routing\\Pipeline->Illuminate\\Routing\\{closure:/home/vagrant/code/aroka-book-store/vendor/laravel/framework/src/Illuminate/Routing/Pipeline.php:47-59}()
#46 /home/vagrant/code/aroka-book-store/vendor/laravel/framework/src/Illuminate/Pipeline/Pipeline.php(163): Illuminate\\Foundation\\Http\\Middleware\\ValidatePostSize->handle()
#47 /home/vagrant/code/aroka-book-store/vendor/laravel/framework/src/Illuminate/Routing/Pipeline.php(53): Illuminate\\Routing\\Pipeline->Illuminate\\Pipeline\\{closure:/home/vagrant/code/aroka-book-store/vendor/laravel/framework/src/Illuminate/Pipeline/Pipeline.php:140-169}()
#48 /home/vagrant/code/aroka-book-store/vendor/laravel/framework/src/Illuminate/Foundation/Http/Middleware/CheckForMaintenanceMode.php(62): Illuminate\\Routing\\Pipeline->Illuminate\\Routing\\{closure:/home/vagrant/code/aroka-book-store/vendor/laravel/framework/src/Illuminate/Routing/Pipeline.php:47-59}()
#49 /home/vagrant/code/aroka-book-store/vendor/laravel/framework/src/Illuminate/Pipeline/Pipeline.php(163): Illuminate\\Foundation\\Http\\Middleware\\CheckForMaintenanceMode->handle()
#50 /home/vagrant/code/aroka-book-store/vendor/laravel/framework/src/Illuminate/Routing/Pipeline.php(53): Illuminate\\Routing\\Pipeline->Illuminate\\Pipeline\\{closure:/home/vagrant/code/aroka-book-store/vendor/laravel/framework/src/Illuminate/Pipeline/Pipeline.php:140-169}()
#51 /home/vagrant/code/aroka-book-store/vendor/laravel/framework/src/Illuminate/Pipeline/Pipeline.php(104): Illuminate\\Routing\\Pipeline->Illuminate\\Routing\\{closure:/home/vagrant/code/aroka-book-store/vendor/laravel/framework/src/Illuminate/Routing/Pipeline.php:47-59}()
#52 /home/vagrant/code/aroka-book-store/vendor/laravel/framework/src/Illuminate/Foundation/Http/Kernel.php(151): Illuminate\\Routing\\Pipeline->then()
#53 /home/vagrant/code/aroka-book-store/vendor/laravel/framework/src/Illuminate/Foundation/Http/Kernel.php(116): App\\Http\\Kernel->sendRequestThroughRouter()
#54 /home/vagrant/code/aroka-book-store/public/index.php(53): App\\Http\\Kernel->handle()
#55 /home/vagrant/code/aroka-book-store/public/index.php(0): {main}()
#56 {main}
"} 
