[2019-05-23 10:26:16] local.ERROR: Method Illuminate\View\View::__toString() must not throw an exception, caught ErrorException: syntax error, unexpected '__data' (T_STRING), expecting ')' (View: /home/vagrant/code/aroka-book-store/resources/views/admin/authors/add_author.blade.php) {"exception":"[object] (Symfony\\Component\\Debug\\Exception\\FatalErrorException(code: 1): Method Illuminate\\View\\View::__toString() must not throw an exception, caught ErrorException: syntax error, unexpected '__data' (T_STRING), expecting ')' (View: /home/vagrant/code/aroka-book-store/resources/views/admin/authors/add_author.blade.php) at /home/vagrant/code/aroka-book-store/vendor/crocodicstudio/crudbooster/src/controllers/CBController.php:0)
[stacktrace]
#0 /home/vagrant/code/aroka-book-store/vendor/laravel/framework/src/Illuminate/Foundation/Bootstrap/HandleExceptions.php(137): Symfony\\Component\\Debug\\Exception\\FatalErrorException->__construct()
#1 /home/vagrant/code/aroka-book-store/vendor/laravel/framework/src/Illuminate/Foundation/Bootstrap/HandleExceptions.php(123): Illuminate\\Foundation\\Bootstrap\\HandleExceptions->fatalExceptionFromError()
#2 /home/vagrant/code/aroka-book-store/vendor/laravel/framework/src/Illuminate/Foundation/Bootstrap/HandleExceptions.php(0): Illuminate\\Foundation\\Bootstrap\\HandleExceptions->handleShutdown()
#3 /home/vagrant/code/aroka-book-store/app/Http/Controllers/AdminAuthorsController.php(12): App\\Http\\Controllers\\AdminAuthorsController->cbView()
#4 /home/vagrant/code/aroka-book-store/vendor/laravel/framework/src/Illuminate/Routing/Controller.php(54): App\\Http\\Controllers\\AdminAuthorsController->getAdd()
#5 /home/vagrant/code/aroka-book-store/vendor/laravel/framework/src/Illuminate/Routing/Controller.php(54): call_user_func_array:{/home/vagrant/code/aroka-book-store/vendor/laravel/framework/src/Illuminate/Routing/Controller.php:54}()
#6 /home/vagrant/code/aroka-book-store/vendor/laravel/framework/src/Illuminate/Routing/ControllerDispatcher.php(45): App\\Http\\Controllers\\AdminAuthorsController->callAction()
#7 /home/vagrant/code/aroka-book-store/vendor/laravel/framework/src/Illuminate/Routing/Route.php(219): Illuminate\\Routing\\ControllerDispatcher->dispatch()
#8 /home/vagrant/code/aroka-book-store/vendor/laravel/framework/src/Illuminate/Routing/Route.php(176): Illuminate\\Routing\\Route->runController()
#9 /home/vagrant/code/aroka-book-store/vendor/laravel/framework/src/Illuminate/Routing/Router.php(680): Illuminate\\Routing\\Route->run()
#10 /home/vagrant/code/aroka-book-store/vendor/laravel/framework/src/Illuminate/Routing/Pipeline.php(30): Illuminate\\Routing\\Router->Illuminate\\Routing\\{closure:/home/vagrant/code/aroka-book-store/vendor/laravel/framework/src/Illuminate/Routing/Router.php:678-682}()
#11 /home/vagrant/code/aroka-book-store/vendor/crocodicstudio/crudbooster/src/middlewares/CBBackend.php(30): Illuminate\\Routing\\Pipeline->Illuminate\\Routing\\{closure:/home/vagrant/code/aroka-book-store/vendor/laravel/framework/src/Illuminate/Routing/Pipeline.php:28-36}()
#12 /home/vagrant/code/aroka-book-store/vendor/laravel/framework/src/Illuminate/Pipeline/Pipeline.php(163): crocodicstudio\\crudbooster\\middlewares\\CBBackend->handle()
#13 /home/vagrant/code/aroka-book-store/vendor/laravel/framework/src/Illuminate/Routing/Pipeline.php(53): Illuminate\\Routing\\Pipeline->Illuminate\\Pipeline\\{closure:/home/vagrant/code/aroka-book-store/vendor/laravel/framework/src/Illuminate/Pipeline/Pipeline.php:140-169}()
#14 /home/vagrant/code/aroka-book-store/vendor/laravel/framework/src/Illuminate/Routing/Middleware/SubstituteBindings.php(41): Illuminate\\Routing\\Pipeline->Illuminate\\Routing\\{closure:/home/vagrant/code/aroka-book-store/vendor/laravel/framework/src/Illuminate/Routing/Pipeline.php:47-59}()
#15 /home/vagrant/code/aroka-book-store/vendor/laravel/framework/src/Illuminate/Pipeline/Pipeline.php(163): Illuminate\\Routing\\Middleware\\SubstituteBindings->handle()
#16 /home/vagrant/code/aroka-book-store/vendor/laravel/framework/src/Illuminate/Routing/Pipeline.php(53): Illuminate\\Routing\\Pipeline->Illuminate\\Pipeline\\{closure:/home/vagrant/code/aroka-book-store/vendor/laravel/framework/src/Illuminate/Pipeline/Pipeline.php:140-169}()
#17 /home/vagrant/code/aroka-book-store/vendor/laravel/framework/src/Illuminate/Foundation/Http/Middleware/VerifyCsrfToken.php(75): Illuminate\\Routing\\Pipeline->Illuminate\\Routing\\{closure:/home/vagrant/code/aroka-book-store/vendor/laravel/framework/src/Illuminate/Routing/Pipeline.php:47-59}()
#18 /home/vagrant/code/aroka-book-store/vendor/laravel/framework/src/Illuminate/Pipeline/Pipeline.php(163): App\\Http\\Middleware\\VerifyCsrfToken->handle()
#19 /home/vagrant/code/aroka-book-store/vendor/laravel/framework/src/Illuminate/Routing/Pipeline.php(53): Illuminate\\Routing\\Pipeline->Illuminate\\Pipeline\\{closure:/home/vagrant/code/aroka-book-store/vendor/laravel/framework/src/Illuminate/Pipeline/Pipeline.php:140-169}()
#20 /home/vagrant/code/aroka-book-store/vendor/laravel/framework/src/Illuminate/View/Middleware/ShareErrorsFromSession.php(49): Illuminate\\Routing\\Pipeline->Illuminate\\Routing\\{closure:/home/vagrant/code/aroka-book-store/vendor/laravel/framework/src/Illuminate/Routing/Pipeline.php:47-59}()
#21 /home/vagrant/code/aroka-book-store/vendor/laravel/framework/src/Illuminate/Pipeline/Pipeline.php(163): Illuminate\\View\\Middleware\\ShareErrorsFromSession->handle()
#22 /home/vagrant/code/aroka-book-store/vendor/laravel/framework/src/Illuminate/Routing/Pipeline.php(53): Illuminate\\Routing\\Pipeline->Illuminate\\Pipeline\\{closure:/home/vagrant/code/aroka-book-store/vendor/laravel/framework/src/Illuminate/Pipeline/Pipeline.php:140-169}()
#23 /home/vagrant/code/aroka-book-store/vendor/laravel/framework/src/Illuminate/Session/Middleware/StartSession.php(56): Illuminate\\Routing\\Pipeline->Illuminate\\Routing\\{closure:/home/vagrant/code/aroka-book-store/vendor/laravel/framework/src/Illuminate/Routing/Pipeline.php:47-59}()
#24 /home/vagrant/code/aroka-book-store/vendor/laravel/framework/src/Illuminate/Pipeline/Pipeline.php(163): Illuminate\\Session\\Middleware\\StartSession->handle()
#25 /home/vagrant/code/aroka-book-store/vendor/laravel/framework/src/Illuminate/Routing/Pipeline.php(53): Illuminate\\Routing\\Pipeline->Illuminate\\Pipeline\\{closure:/home/vagrant/code/aroka-book-store/vendor/laravel/framework/src/Illuminate/Pipeline/Pipeline.php:140-169}()
#26 /home/vagrant/code/aroka-book-store/vendor/laravel/framework/src/Illuminate/Cookie/Middleware/AddQueuedCookiesToResponse.php(37): Illuminate\\Routing\\Pipeline->Illuminate\\Routing\\{closure:/home/vagrant/code/aroka-book-store/vendor/laravel/framework/src/Illuminate/Routing/Pipeline.php:47-59}()
#27 /home/vagrant/code/aroka-book-store/vendor/laravel/framework/src/Illuminate/Pipeline/Pipeline.php(163): Illuminate\\Cookie\\Middleware\\AddQueuedCookiesToResponse->handle()
#28 /home/vagrant/code/aroka-book-store/vendor/laravel/framework/src/Illuminate/Routing/Pipeline.php(53): Illuminate\\Routing\\Pipeline->Illuminate\\Pipeline\\{closure:/home/vagrant/code/aroka-book-store/vendor/laravel/framework/src/Illuminate/Pipeline/Pipeline.php:140-169}()
#29 /home/vagrant/code/aroka-book-store/vendor/laravel/framework/src/Illuminate/Cookie/Middleware/EncryptCookies.php(66): Illuminate\\Routing\\Pipeline->Illuminate\\Routing\\{closure:/home/vagrant/code/aroka-book-store/vendor/laravel/framework/src/Illuminate/Routing/Pipeline.php:47-59}()
#30 /home/vagrant/code/aroka-book-store/vendor/laravel/framework/src/Illuminate/Pipeline/Pipeline.php(163): App\\Http\\Middleware\\EncryptCookies->handle()
#31 /home/vagrant/code/aroka-book-store/vendor/laravel/framework/src/Illuminate/Routing/Pipeline.php(53): Illuminate\\Routing\\Pipeline->Illuminate\\Pipeline\\{closure:/home/vagrant/code/aroka-book-store/vendor/laravel/framework/src/Illuminate/Pipeline/Pipeline.php:140-169}()
#32 /home/vagrant/code/aroka-book-store/vendor/laravel/framework/src/Illuminate/Pipeline/Pipeline.php(104): Illuminate\\Routing\\Pipeline->Illuminate\\Routing\\{closure:/home/vagrant/code/aroka-book-store/vendor/laravel/framework/src/Illuminate/Routing/Pipeline.php:47-59}()
#33 /home/vagrant/code/aroka-book-store/vendor/laravel/framework/src/Illuminate/Routing/Router.php(682): Illuminate\\Routing\\Pipeline->then()
#34 /home/vagrant/code/aroka-book-store/vendor/laravel/framework/src/Illuminate/Routing/Router.php(657): Illuminate\\Routing\\Router->runRouteWithinStack()
#35 /home/vagrant/code/aroka-book-store/vendor/laravel/framework/src/Illuminate/Routing/Router.php(623): Illuminate\\Routing\\Router->runRoute()
#36 /home/vagrant/code/aroka-book-store/vendor/laravel/framework/src/Illuminate/Routing/Router.php(612): Illuminate\\Routing\\Router->dispatchToRoute()
#37 /home/vagrant/code/aroka-book-store/vendor/laravel/framework/src/Illuminate/Foundation/Http/Kernel.php(176): Illuminate\\Routing\\Router->dispatch()
#38 /home/vagrant/code/aroka-book-store/vendor/laravel/framework/src/Illuminate/Routing/Pipeline.php(30): App\\Http\\Kernel->Illuminate\\Foundation\\Http\\{closure:/home/vagrant/code/aroka-book-store/vendor/laravel/framework/src/Illuminate/Foundation/Http/Kernel.php:173-177}()
#39 /home/vagrant/code/aroka-book-store/vendor/laravel/framework/src/Illuminate/Foundation/Http/Middleware/TransformsRequest.php(21): Illuminate\\Routing\\Pipeline->Illuminate\\Routing\\{closure:/home/vagrant/code/aroka-book-store/vendor/laravel/framework/src/Illuminate/Routing/Pipeline.php:28-36}()
#40 /home/vagrant/code/aroka-book-store/vendor/laravel/framework/src/Illuminate/Pipeline/Pipeline.php(163): Illuminate\\Foundation\\Http\\Middleware\\ConvertEmptyStringsToNull->handle()
#41 /home/vagrant/code/aroka-book-store/vendor/laravel/framework/src/Illuminate/Routing/Pipeline.php(53): Illuminate\\Routing\\Pipeline->Illuminate\\Pipeline\\{closure:/home/vagrant/code/aroka-book-store/vendor/laravel/framework/src/Illuminate/Pipeline/Pipeline.php:140-169}()
#42 /home/vagrant/code/aroka-book-store/vendor/laravel/framework/src/Illuminate/Foundation/Http/Middleware/TransformsRequest.php(21): Illuminate\\Routing\\Pipeline->Illuminate\\Routing\\{closure:/home/vagrant/code/aroka-book-store/vendor/laravel/framework/src/Illuminate/Routing/Pipeline.php:47-59}()
#43 /home/vagrant/code/aroka-book-store/vendor/laravel/framework/src/Illuminate/Pipeline/Pipeline.php(163): App\\Http\\Middleware\\TrimStrings->handle()
#44 /home/vagrant/code/aroka-book-store/vendor/laravel/framework/src/Illuminate/Routing/Pipeline.php(53): Illuminate\\Routing\\Pipeline->Illuminate\\Pipeline\\{closure:/home/vagrant/code/aroka-book-store/vendor/laravel/framework/src/Illuminate/Pipeline/Pipeline.php:140-169}()
#45 /home/vagrant/code/aroka-book-store/vendor/laravel/framework/src/Illuminate/Foundation/Http/Middleware/ValidatePostSize.php(27): Illuminate\\Routing\\Pipeline->Illuminate\\Routing\\{closure:/home/vagrant/code/aroka-book-store/vendor/laravel/framework/src/Illuminate/Routing/Pipeline.php:47-59}()
#46 /home/vagrant/code/aroka-book-store/vendor/laravel/framework/src/Illuminate/Pipeline/Pipeline.php(163): Illuminate\\Foundation\\Http\\Middleware\\ValidatePostSize->handle()
#47 /home/vagrant/code/aroka-book-store/vendor/laravel/framework/src/Illuminate/Routing/Pipeline.php(53): Illuminate\\Routing\\Pipeline->Illuminate\\Pipeline\\{closure:/home/vagrant/code/aroka-book-store/vendor/laravel/framework/src/Illuminate/Pipeline/Pipeline.php:140-169}()
#48 /home/vagrant/code/aroka-book-store/vendor/laravel/framework/src/Illuminate/Foundation/Http/Middleware/CheckForMaintenanceMode.php(62): Illuminate\\Routing\\Pipeline->Illuminate\\Routing\\{closure:/home/vagrant/code/aroka-book-store/vendor/laravel/framework/src/Illuminate/Routing/Pipeline.php:47-59}()
#49 /home/vagrant/code/aroka-book-store/vendor/laravel/framework/src/Illuminate/Pipeline/Pipeline.php(163): Illuminate\\Foundation\\Http\\Middleware\\CheckForMaintenanceMode->handle()
#50 /home/vagrant/code/aroka-book-store/vendor/laravel/framework/src/Illuminate/Routing/Pipeline.php(53): Illuminate\\Routing\\Pipeline->Illuminate\\Pipeline\\{closure:/home/vagrant/code/aroka-book-store/vendor/laravel/framework/src/Illuminate/Pipeline/Pipeline.php:140-169}()
#51 /home/vagrant/code/aroka-book-store/vendor/laravel/framework/src/Illuminate/Pipeline/Pipeline.php(104): Illuminate\\Routing\\Pipeline->Illuminate\\Routing\\{closure:/home/vagrant/code/aroka-book-store/vendor/laravel/framework/src/Illuminate/Routing/Pipeline.php:47-59}()
#52 /home/vagrant/code/aroka-book-store/vendor/laravel/framework/src/Illuminate/Foundation/Http/Kernel.php(151): Illuminate\\Routing\\Pipeline->then()
#53 /home/vagrant/code/aroka-book-store/vendor/laravel/framework/src/Illuminate/Foundation/Http/Kernel.php(116): App\\Http\\Kernel->sendRequestThroughRouter()
#54 /home/vagrant/code/aroka-book-store/public/index.php(53): App\\Http\\Kernel->handle()
#55 /home/vagrant/code/aroka-book-store/public/index.php(0): {main}()
#56 {main}
"} 
[2019-05-23 11:11:44] local.ERROR: Method Illuminate\View\View::__toString() must not throw an exception, caught ErrorException: Class 'Form' not found (View: /home/vagrant/code/aroka-book-store/resources/views/admin/authors/add_author.blade.php) {"exception":"[object] (Symfony\\Component\\Debug\\Exception\\FatalErrorException(code: 1): Method Illuminate\\View\\View::__toString() must not throw an exception, caught ErrorException: Class 'Form' not found (View: /home/vagrant/code/aroka-book-store/resources/views/admin/authors/add_author.blade.php) at /home/vagrant/code/aroka-book-store/vendor/crocodicstudio/crudbooster/src/controllers/CBController.php:0)
[stacktrace]
#0 /home/vagrant/code/aroka-book-store/vendor/laravel/framework/src/Illuminate/Foundation/Bootstrap/HandleExceptions.php(137): Symfony\\Component\\Debug\\Exception\\FatalErrorException->__construct()
#1 /home/vagrant/code/aroka-book-store/vendor/laravel/framework/src/Illuminate/Foundation/Bootstrap/HandleExceptions.php(123): Illuminate\\Foundation\\Bootstrap\\HandleExceptions->fatalExceptionFromError()
#2 /home/vagrant/code/aroka-book-store/vendor/laravel/framework/src/Illuminate/Foundation/Bootstrap/HandleExceptions.php(0): Illuminate\\Foundation\\Bootstrap\\HandleExceptions->handleShutdown()
#3 /home/vagrant/code/aroka-book-store/app/Http/Controllers/AdminAuthorsController.php(12): App\\Http\\Controllers\\AdminAuthorsController->cbView()
#4 /home/vagrant/code/aroka-book-store/vendor/laravel/framework/src/Illuminate/Routing/Controller.php(54): App\\Http\\Controllers\\AdminAuthorsController->getAdd()
#5 /home/vagrant/code/aroka-book-store/vendor/laravel/framework/src/Illuminate/Routing/Controller.php(54): call_user_func_array:{/home/vagrant/code/aroka-book-store/vendor/laravel/framework/src/Illuminate/Routing/Controller.php:54}()
#6 /home/vagrant/code/aroka-book-store/vendor/laravel/framework/src/Illuminate/Routing/ControllerDispatcher.php(45): App\\Http\\Controllers\\AdminAuthorsController->callAction()
#7 /home/vagrant/code/aroka-book-store/vendor/laravel/framework/src/Illuminate/Routing/Route.php(219): Illuminate\\Routing\\ControllerDispatcher->dispatch()
#8 /home/vagrant/code/aroka-book-store/vendor/laravel/framework/src/Illuminate/Routing/Route.php(176): Illuminate\\Routing\\Route->runController()
#9 /home/vagrant/code/aroka-book-store/vendor/laravel/framework/src/Illuminate/Routing/Router.php(680): Illuminate\\Routing\\Route->run()
#10 /home/vagrant/code/aroka-book-store/vendor/laravel/framework/src/Illuminate/Routing/Pipeline.php(30): Illuminate\\Routing\\Router->Illuminate\\Routing\\{closure:/home/vagrant/code/aroka-book-store/vendor/laravel/framework/src/Illuminate/Routing/Router.php:678-682}()
#11 /home/vagrant/code/aroka-book-store/vendor/crocodicstudio/crudbooster/src/middlewares/CBBackend.php(30): Illuminate\\Routing\\Pipeline->Illuminate\\Routing\\{closure:/home/vagrant/code/aroka-book-store/vendor/laravel/framework/src/Illuminate/Routing/Pipeline.php:28-36}()
#12 /home/vagrant/code/aroka-book-store/vendor/laravel/framework/src/Illuminate/Pipeline/Pipeline.php(163): crocodicstudio\\crudbooster\\middlewares\\CBBackend->handle()
#13 /home/vagrant/code/aroka-book-store/vendor/laravel/framework/src/Illuminate/Routing/Pipeline.php(53): Illuminate\\Routing\\Pipeline->Illuminate\\Pipeline\\{closure:/home/vagrant/code/aroka-book-store/vendor/laravel/framework/src/Illuminate/Pipeline/Pipeline.php:140-169}()
#14 /home/vagrant/code/aroka-book-store/vendor/laravel/framework/src/Illuminate/Routing/Middleware/SubstituteBindings.php(41): Illuminate\\Routing\\Pipeline->Illuminate\\Routing\\{closure:/home/vagrant/code/aroka-book-store/vendor/laravel/framework/src/Illuminate/Routing/Pipeline.php:47-59}()
#15 /home/vagrant/code/aroka-book-store/vendor/laravel/framework/src/Illuminate/Pipeline/Pipeline.php(163): Illuminate\\Routing\\Middleware\\SubstituteBindings->handle()
#16 /home/vagrant/code/aroka-book-store/vendor/laravel/framework/src/Illuminate/Routing/Pipeline.php(53): Illuminate\\Routing\\Pipeline->Illuminate\\Pipeline\\{closure:/home/vagrant/code/aroka-book-store/vendor/laravel/framework/src/Illuminate/Pipeline/Pipeline.php:140-169}()
#17 /home/vagrant/code/aroka-book-store/vendor/laravel/framework/src/Illuminate/Foundation/Http/Middleware/VerifyCsrfToken.php(75): Illuminate\\Routing\\Pipeline->Illuminate\\Routing\\{closure:/home/vagrant/code/aroka-book-store/vendor/laravel/framework/src/Illuminate/Routing/Pipeline.php:47-59}()
#18 /home/vagrant/code/aroka-book-store/vendor/laravel/framework/src/Illuminate/Pipeline/Pipeline.php(163): App\\Http\\Middleware\\VerifyCsrfToken->handle()
#19 /home/vagrant/code/aroka-book-store/vendor/laravel/framework/src/Illuminate/Routing/Pipeline.php(53): Illuminate\\Routing\\Pipeline->Illuminate\\Pipeline\\{closure:/home/vagrant/code/aroka-book-store/vendor/laravel/framework/src/Illuminate/Pipeline/Pipeline.php:140-169}()
#20 /home/vagrant/code/aroka-book-store/vendor/laravel/framework/src/Illuminate/View/Middleware/ShareErrorsFromSession.php(49): Illuminate\\Routing\\Pipeline->Illuminate\\Routing\\{closure:/home/vagrant/code/aroka-book-store/vendor/laravel/framework/src/Illuminate/Routing/Pipeline.php:47-59}()
#21 /home/vagrant/code/aroka-book-store/vendor/laravel/framework/src/Illuminate/Pipeline/Pipeline.php(163): Illuminate\\View\\Middleware\\ShareErrorsFromSession->handle()
#22 /home/vagrant/code/aroka-book-store/vendor/laravel/framework/src/Illuminate/Routing/Pipeline.php(53): Illuminate\\Routing\\Pipeline->Illuminate\\Pipeline\\{closure:/home/vagrant/code/aroka-book-store/vendor/laravel/framework/src/Illuminate/Pipeline/Pipeline.php:140-169}()
#23 /home/vagrant/code/aroka-book-store/vendor/laravel/framework/src/Illuminate/Session/Middleware/StartSession.php(56): Illuminate\\Routing\\Pipeline->Illuminate\\Routing\\{closure:/home/vagrant/code/aroka-book-store/vendor/laravel/framework/src/Illuminate/Routing/Pipeline.php:47-59}()
#24 /home/vagrant/code/aroka-book-store/vendor/laravel/framework/src/Illuminate/Pipeline/Pipeline.php(163): Illuminate\\Session\\Middleware\\StartSession->handle()
#25 /home/vagrant/code/aroka-book-store/vendor/laravel/framework/src/Illuminate/Routing/Pipeline.php(53): Illuminate\\Routing\\Pipeline->Illuminate\\Pipeline\\{closure:/home/vagrant/code/aroka-book-store/vendor/laravel/framework/src/Illuminate/Pipeline/Pipeline.php:140-169}()
#26 /home/vagrant/code/aroka-book-store/vendor/laravel/framework/src/Illuminate/Cookie/Middleware/AddQueuedCookiesToResponse.php(37): Illuminate\\Routing\\Pipeline->Illuminate\\Routing\\{closure:/home/vagrant/code/aroka-book-store/vendor/laravel/framework/src/Illuminate/Routing/Pipeline.php:47-59}()
#27 /home/vagrant/code/aroka-book-store/vendor/laravel/framework/src/Illuminate/Pipeline/Pipeline.php(163): Illuminate\\Cookie\\Middleware\\AddQueuedCookiesToResponse->handle()
#28 /home/vagrant/code/aroka-book-store/vendor/laravel/framework/src/Illuminate/Routing/Pipeline.php(53): Illuminate\\Routing\\Pipeline->Illuminate\\Pipeline\\{closure:/home/vagrant/code/aroka-book-store/vendor/laravel/framework/src/Illuminate/Pipeline/Pipeline.php:140-169}()
#29 /home/vagrant/code/aroka-book-store/vendor/laravel/framework/src/Illuminate/Cookie/Middleware/EncryptCookies.php(66): Illuminate\\Routing\\Pipeline->Illuminate\\Routing\\{closure:/home/vagrant/code/aroka-book-store/vendor/laravel/framework/src/Illuminate/Routing/Pipeline.php:47-59}()
#30 /home/vagrant/code/aroka-book-store/vendor/laravel/framework/src/Illuminate/Pipeline/Pipeline.php(163): App\\Http\\Middleware\\EncryptCookies->handle()
#31 /home/vagrant/code/aroka-book-store/vendor/laravel/framework/src/Illuminate/Routing/Pipeline.php(53): Illuminate\\Routing\\Pipeline->Illuminate\\Pipeline\\{closure:/home/vagrant/code/aroka-book-store/vendor/laravel/framework/src/Illuminate/Pipeline/Pipeline.php:140-169}()
#32 /home/vagrant/code/aroka-book-store/vendor/laravel/framework/src/Illuminate/Pipeline/Pipeline.php(104): Illuminate\\Routing\\Pipeline->Illuminate\\Routing\\{closure:/home/vagrant/code/aroka-book-store/vendor/laravel/framework/src/Illuminate/Routing/Pipeline.php:47-59}()
#33 /home/vagrant/code/aroka-book-store/vendor/laravel/framework/src/Illuminate/Routing/Router.php(682): Illuminate\\Routing\\Pipeline->then()
#34 /home/vagrant/code/aroka-book-store/vendor/laravel/framework/src/Illuminate/Routing/Router.php(657): Illuminate\\Routing\\Router->runRouteWithinStack()
#35 /home/vagrant/code/aroka-book-store/vendor/laravel/framework/src/Illuminate/Routing/Router.php(623): Illuminate\\Routing\\Router->runRoute()
#36 /home/vagrant/code/aroka-book-store/vendor/laravel/framework/src/Illuminate/Routing/Router.php(612): Illuminate\\Routing\\Router->dispatchToRoute()
#37 /home/vagrant/code/aroka-book-store/vendor/laravel/framework/src/Illuminate/Foundation/Http/Kernel.php(176): Illuminate\\Routing\\Router->dispatch()
#38 /home/vagrant/code/aroka-book-store/vendor/laravel/framework/src/Illuminate/Routing/Pipeline.php(30): App\\Http\\Kernel->Illuminate\\Foundation\\Http\\{closure:/home/vagrant/code/aroka-book-store/vendor/laravel/framework/src/Illuminate/Foundation/Http/Kernel.php:173-177}()
#39 /home/vagrant/code/aroka-book-store/vendor/laravel/framework/src/Illuminate/Foundation/Http/Middleware/TransformsRequest.php(21): Illuminate\\Routing\\Pipeline->Illuminate\\Routing\\{closure:/home/vagrant/code/aroka-book-store/vendor/laravel/framework/src/Illuminate/Routing/Pipeline.php:28-36}()
#40 /home/vagrant/code/aroka-book-store/vendor/laravel/framework/src/Illuminate/Pipeline/Pipeline.php(163): Illuminate\\Foundation\\Http\\Middleware\\ConvertEmptyStringsToNull->handle()
#41 /home/vagrant/code/aroka-book-store/vendor/laravel/framework/src/Illuminate/Routing/Pipeline.php(53): Illuminate\\Routing\\Pipeline->Illuminate\\Pipeline\\{closure:/home/vagrant/code/aroka-book-store/vendor/laravel/framework/src/Illuminate/Pipeline/Pipeline.php:140-169}()
#42 /home/vagrant/code/aroka-book-store/vendor/laravel/framework/src/Illuminate/Foundation/Http/Middleware/TransformsRequest.php(21): Illuminate\\Routing\\Pipeline->Illuminate\\Routing\\{closure:/home/vagrant/code/aroka-book-store/vendor/laravel/framework/src/Illuminate/Routing/Pipeline.php:47-59}()
#43 /home/vagrant/code/aroka-book-store/vendor/laravel/framework/src/Illuminate/Pipeline/Pipeline.php(163): App\\Http\\Middleware\\TrimStrings->handle()
#44 /home/vagrant/code/aroka-book-store/vendor/laravel/framework/src/Illuminate/Routing/Pipeline.php(53): Illuminate\\Routing\\Pipeline->Illuminate\\Pipeline\\{closure:/home/vagrant/code/aroka-book-store/vendor/laravel/framework/src/Illuminate/Pipeline/Pipeline.php:140-169}()
#45 /home/vagrant/code/aroka-book-store/vendor/laravel/framework/src/Illuminate/Foundation/Http/Middleware/ValidatePostSize.php(27): Illuminate\\Routing\\Pipeline->Illuminate\\Routing\\{closure:/home/vagrant/code/aroka-book-store/vendor/laravel/framework/src/Illuminate/Routing/Pipeline.php:47-59}()
#46 /home/vagrant/code/aroka-book-store/vendor/laravel/framework/src/Illuminate/Pipeline/Pipeline.php(163): Illuminate\\Foundation\\Http\\Middleware\\ValidatePostSize->handle()
#47 /home/vagrant/code/aroka-book-store/vendor/laravel/framework/src/Illuminate/Routing/Pipeline.php(53): Illuminate\\Routing\\Pipeline->Illuminate\\Pipeline\\{closure:/home/vagrant/code/aroka-book-store/vendor/laravel/framework/src/Illuminate/Pipeline/Pipeline.php:140-169}()
#48 /home/vagrant/code/aroka-book-store/vendor/laravel/framework/src/Illuminate/Foundation/Http/Middleware/CheckForMaintenanceMode.php(62): Illuminate\\Routing\\Pipeline->Illuminate\\Routing\\{closure:/home/vagrant/code/aroka-book-store/vendor/laravel/framework/src/Illuminate/Routing/Pipeline.php:47-59}()
#49 /home/vagrant/code/aroka-book-store/vendor/laravel/framework/src/Illuminate/Pipeline/Pipeline.php(163): Illuminate\\Foundation\\Http\\Middleware\\CheckForMaintenanceMode->handle()
#50 /home/vagrant/code/aroka-book-store/vendor/laravel/framework/src/Illuminate/Routing/Pipeline.php(53): Illuminate\\Routing\\Pipeline->Illuminate\\Pipeline\\{closure:/home/vagrant/code/aroka-book-store/vendor/laravel/framework/src/Illuminate/Pipeline/Pipeline.php:140-169}()
#51 /home/vagrant/code/aroka-book-store/vendor/laravel/framework/src/Illuminate/Pipeline/Pipeline.php(104): Illuminate\\Routing\\Pipeline->Illuminate\\Routing\\{closure:/home/vagrant/code/aroka-book-store/vendor/laravel/framework/src/Illuminate/Routing/Pipeline.php:47-59}()
#52 /home/vagrant/code/aroka-book-store/vendor/laravel/framework/src/Illuminate/Foundation/Http/Kernel.php(151): Illuminate\\Routing\\Pipeline->then()
#53 /home/vagrant/code/aroka-book-store/vendor/laravel/framework/src/Illuminate/Foundation/Http/Kernel.php(116): App\\Http\\Kernel->sendRequestThroughRouter()
#54 /home/vagrant/code/aroka-book-store/public/index.php(53): App\\Http\\Kernel->handle()
#55 /home/vagrant/code/aroka-book-store/public/index.php(0): {main}()
#56 {main}
"} 
[2019-05-23 11:12:06] local.ERROR: Method Illuminate\View\View::__toString() must not throw an exception, caught ErrorException: Class 'Form' not found (View: /home/vagrant/code/aroka-book-store/resources/views/admin/authors/add_author.blade.php) {"exception":"[object] (Symfony\\Component\\Debug\\Exception\\FatalErrorException(code: 1): Method Illuminate\\View\\View::__toString() must not throw an exception, caught ErrorException: Class 'Form' not found (View: /home/vagrant/code/aroka-book-store/resources/views/admin/authors/add_author.blade.php) at /home/vagrant/code/aroka-book-store/vendor/crocodicstudio/crudbooster/src/controllers/CBController.php:0)
[stacktrace]
#0 /home/vagrant/code/aroka-book-store/vendor/laravel/framework/src/Illuminate/Foundation/Bootstrap/HandleExceptions.php(137): Symfony\\Component\\Debug\\Exception\\FatalErrorException->__construct()
#1 /home/vagrant/code/aroka-book-store/vendor/laravel/framework/src/Illuminate/Foundation/Bootstrap/HandleExceptions.php(123): Illuminate\\Foundation\\Bootstrap\\HandleExceptions->fatalExceptionFromError()
#2 /home/vagrant/code/aroka-book-store/vendor/laravel/framework/src/Illuminate/Foundation/Bootstrap/HandleExceptions.php(0): Illuminate\\Foundation\\Bootstrap\\HandleExceptions->handleShutdown()
#3 /home/vagrant/code/aroka-book-store/app/Http/Controllers/AdminAuthorsController.php(12): App\\Http\\Controllers\\AdminAuthorsController->cbView()
#4 /home/vagrant/code/aroka-book-store/vendor/laravel/framework/src/Illuminate/Routing/Controller.php(54): App\\Http\\Controllers\\AdminAuthorsController->getAdd()
#5 /home/vagrant/code/aroka-book-store/vendor/laravel/framework/src/Illuminate/Routing/Controller.php(54): call_user_func_array:{/home/vagrant/code/aroka-book-store/vendor/laravel/framework/src/Illuminate/Routing/Controller.php:54}()
#6 /home/vagrant/code/aroka-book-store/vendor/laravel/framework/src/Illuminate/Routing/ControllerDispatcher.php(45): App\\Http\\Controllers\\AdminAuthorsController->callAction()
#7 /home/vagrant/code/aroka-book-store/vendor/laravel/framework/src/Illuminate/Routing/Route.php(219): Illuminate\\Routing\\ControllerDispatcher->dispatch()
#8 /home/vagrant/code/aroka-book-store/vendor/laravel/framework/src/Illuminate/Routing/Route.php(176): Illuminate\\Routing\\Route->runController()
#9 /home/vagrant/code/aroka-book-store/vendor/laravel/framework/src/Illuminate/Routing/Router.php(680): Illuminate\\Routing\\Route->run()
#10 /home/vagrant/code/aroka-book-store/vendor/laravel/framework/src/Illuminate/Routing/Pipeline.php(30): Illuminate\\Routing\\Router->Illuminate\\Routing\\{closure:/home/vagrant/code/aroka-book-store/vendor/laravel/framework/src/Illuminate/Routing/Router.php:678-682}()
#11 /home/vagrant/code/aroka-book-store/vendor/crocodicstudio/crudbooster/src/middlewares/CBBackend.php(30): Illuminate\\Routing\\Pipeline->Illuminate\\Routing\\{closure:/home/vagrant/code/aroka-book-store/vendor/laravel/framework/src/Illuminate/Routing/Pipeline.php:28-36}()
#12 /home/vagrant/code/aroka-book-store/vendor/laravel/framework/src/Illuminate/Pipeline/Pipeline.php(163): crocodicstudio\\crudbooster\\middlewares\\CBBackend->handle()
#13 /home/vagrant/code/aroka-book-store/vendor/laravel/framework/src/Illuminate/Routing/Pipeline.php(53): Illuminate\\Routing\\Pipeline->Illuminate\\Pipeline\\{closure:/home/vagrant/code/aroka-book-store/vendor/laravel/framework/src/Illuminate/Pipeline/Pipeline.php:140-169}()
#14 /home/vagrant/code/aroka-book-store/vendor/laravel/framework/src/Illuminate/Routing/Middleware/SubstituteBindings.php(41): Illuminate\\Routing\\Pipeline->Illuminate\\Routing\\{closure:/home/vagrant/code/aroka-book-store/vendor/laravel/framework/src/Illuminate/Routing/Pipeline.php:47-59}()
#15 /home/vagrant/code/aroka-book-store/vendor/laravel/framework/src/Illuminate/Pipeline/Pipeline.php(163): Illuminate\\Routing\\Middleware\\SubstituteBindings->handle()
#16 /home/vagrant/code/aroka-book-store/vendor/laravel/framework/src/Illuminate/Routing/Pipeline.php(53): Illuminate\\Routing\\Pipeline->Illuminate\\Pipeline\\{closure:/home/vagrant/code/aroka-book-store/vendor/laravel/framework/src/Illuminate/Pipeline/Pipeline.php:140-169}()
#17 /home/vagrant/code/aroka-book-store/vendor/laravel/framework/src/Illuminate/Foundation/Http/Middleware/VerifyCsrfToken.php(75): Illuminate\\Routing\\Pipeline->Illuminate\\Routing\\{closure:/home/vagrant/code/aroka-book-store/vendor/laravel/framework/src/Illuminate/Routing/Pipeline.php:47-59}()
#18 /home/vagrant/code/aroka-book-store/vendor/laravel/framework/src/Illuminate/Pipeline/Pipeline.php(163): App\\Http\\Middleware\\VerifyCsrfToken->handle()
#19 /home/vagrant/code/aroka-book-store/vendor/laravel/framework/src/Illuminate/Routing/Pipeline.php(53): Illuminate\\Routing\\Pipeline->Illuminate\\Pipeline\\{closure:/home/vagrant/code/aroka-book-store/vendor/laravel/framework/src/Illuminate/Pipeline/Pipeline.php:140-169}()
#20 /home/vagrant/code/aroka-book-store/vendor/laravel/framework/src/Illuminate/View/Middleware/ShareErrorsFromSession.php(49): Illuminate\\Routing\\Pipeline->Illuminate\\Routing\\{closure:/home/vagrant/code/aroka-book-store/vendor/laravel/framework/src/Illuminate/Routing/Pipeline.php:47-59}()
#21 /home/vagrant/code/aroka-book-store/vendor/laravel/framework/src/Illuminate/Pipeline/Pipeline.php(163): Illuminate\\View\\Middleware\\ShareErrorsFromSession->handle()
#22 /home/vagrant/code/aroka-book-store/vendor/laravel/framework/src/Illuminate/Routing/Pipeline.php(53): Illuminate\\Routing\\Pipeline->Illuminate\\Pipeline\\{closure:/home/vagrant/code/aroka-book-store/vendor/laravel/framework/src/Illuminate/Pipeline/Pipeline.php:140-169}()
#23 /home/vagrant/code/aroka-book-store/vendor/laravel/framework/src/Illuminate/Session/Middleware/StartSession.php(56): Illuminate\\Routing\\Pipeline->Illuminate\\Routing\\{closure:/home/vagrant/code/aroka-book-store/vendor/laravel/framework/src/Illuminate/Routing/Pipeline.php:47-59}()
#24 /home/vagrant/code/aroka-book-store/vendor/laravel/framework/src/Illuminate/Pipeline/Pipeline.php(163): Illuminate\\Session\\Middleware\\StartSession->handle()
#25 /home/vagrant/code/aroka-book-store/vendor/laravel/framework/src/Illuminate/Routing/Pipeline.php(53): Illuminate\\Routing\\Pipeline->Illuminate\\Pipeline\\{closure:/home/vagrant/code/aroka-book-store/vendor/laravel/framework/src/Illuminate/Pipeline/Pipeline.php:140-169}()
#26 /home/vagrant/code/aroka-book-store/vendor/laravel/framework/src/Illuminate/Cookie/Middleware/AddQueuedCookiesToResponse.php(37): Illuminate\\Routing\\Pipeline->Illuminate\\Routing\\{closure:/home/vagrant/code/aroka-book-store/vendor/laravel/framework/src/Illuminate/Routing/Pipeline.php:47-59}()
#27 /home/vagrant/code/aroka-book-store/vendor/laravel/framework/src/Illuminate/Pipeline/Pipeline.php(163): Illuminate\\Cookie\\Middleware\\AddQueuedCookiesToResponse->handle()
#28 /home/vagrant/code/aroka-book-store/vendor/laravel/framework/src/Illuminate/Routing/Pipeline.php(53): Illuminate\\Routing\\Pipeline->Illuminate\\Pipeline\\{closure:/home/vagrant/code/aroka-book-store/vendor/laravel/framework/src/Illuminate/Pipeline/Pipeline.php:140-169}()
#29 /home/vagrant/code/aroka-book-store/vendor/laravel/framework/src/Illuminate/Cookie/Middleware/EncryptCookies.php(66): Illuminate\\Routing\\Pipeline->Illuminate\\Routing\\{closure:/home/vagrant/code/aroka-book-store/vendor/laravel/framework/src/Illuminate/Routing/Pipeline.php:47-59}()
#30 /home/vagrant/code/aroka-book-store/vendor/laravel/framework/src/Illuminate/Pipeline/Pipeline.php(163): App\\Http\\Middleware\\EncryptCookies->handle()
#31 /home/vagrant/code/aroka-book-store/vendor/laravel/framework/src/Illuminate/Routing/Pipeline.php(53): Illuminate\\Routing\\Pipeline->Illuminate\\Pipeline\\{closure:/home/vagrant/code/aroka-book-store/vendor/laravel/framework/src/Illuminate/Pipeline/Pipeline.php:140-169}()
#32 /home/vagrant/code/aroka-book-store/vendor/laravel/framework/src/Illuminate/Pipeline/Pipeline.php(104): Illuminate\\Routing\\Pipeline->Illuminate\\Routing\\{closure:/home/vagrant/code/aroka-book-store/vendor/laravel/framework/src/Illuminate/Routing/Pipeline.php:47-59}()
#33 /home/vagrant/code/aroka-book-store/vendor/laravel/framework/src/Illuminate/Routing/Router.php(682): Illuminate\\Routing\\Pipeline->then()
#34 /home/vagrant/code/aroka-book-store/vendor/laravel/framework/src/Illuminate/Routing/Router.php(657): Illuminate\\Routing\\Router->runRouteWithinStack()
#35 /home/vagrant/code/aroka-book-store/vendor/laravel/framework/src/Illuminate/Routing/Router.php(623): Illuminate\\Routing\\Router->runRoute()
#36 /home/vagrant/code/aroka-book-store/vendor/laravel/framework/src/Illuminate/Routing/Router.php(612): Illuminate\\Routing\\Router->dispatchToRoute()
#37 /home/vagrant/code/aroka-book-store/vendor/laravel/framework/src/Illuminate/Foundation/Http/Kernel.php(176): Illuminate\\Routing\\Router->dispatch()
#38 /home/vagrant/code/aroka-book-store/vendor/laravel/framework/src/Illuminate/Routing/Pipeline.php(30): App\\Http\\Kernel->Illuminate\\Foundation\\Http\\{closure:/home/vagrant/code/aroka-book-store/vendor/laravel/framework/src/Illuminate/Foundation/Http/Kernel.php:173-177}()
#39 /home/vagrant/code/aroka-book-store/vendor/laravel/framework/src/Illuminate/Foundation/Http/Middleware/TransformsRequest.php(21): Illuminate\\Routing\\Pipeline->Illuminate\\Routing\\{closure:/home/vagrant/code/aroka-book-store/vendor/laravel/framework/src/Illuminate/Routing/Pipeline.php:28-36}()
#40 /home/vagrant/code/aroka-book-store/vendor/laravel/framework/src/Illuminate/Pipeline/Pipeline.php(163): Illuminate\\Foundation\\Http\\Middleware\\ConvertEmptyStringsToNull->handle()
#41 /home/vagrant/code/aroka-book-store/vendor/laravel/framework/src/Illuminate/Routing/Pipeline.php(53): Illuminate\\Routing\\Pipeline->Illuminate\\Pipeline\\{closure:/home/vagrant/code/aroka-book-store/vendor/laravel/framework/src/Illuminate/Pipeline/Pipeline.php:140-169}()
#42 /home/vagrant/code/aroka-book-store/vendor/laravel/framework/src/Illuminate/Foundation/Http/Middleware/TransformsRequest.php(21): Illuminate\\Routing\\Pipeline->Illuminate\\Routing\\{closure:/home/vagrant/code/aroka-book-store/vendor/laravel/framework/src/Illuminate/Routing/Pipeline.php:47-59}()
#43 /home/vagrant/code/aroka-book-store/vendor/laravel/framework/src/Illuminate/Pipeline/Pipeline.php(163): App\\Http\\Middleware\\TrimStrings->handle()
#44 /home/vagrant/code/aroka-book-store/vendor/laravel/framework/src/Illuminate/Routing/Pipeline.php(53): Illuminate\\Routing\\Pipeline->Illuminate\\Pipeline\\{closure:/home/vagrant/code/aroka-book-store/vendor/laravel/framework/src/Illuminate/Pipeline/Pipeline.php:140-169}()
#45 /home/vagrant/code/aroka-book-store/vendor/laravel/framework/src/Illuminate/Foundation/Http/Middleware/ValidatePostSize.php(27): Illuminate\\Routing\\Pipeline->Illuminate\\Routing\\{closure:/home/vagrant/code/aroka-book-store/vendor/laravel/framework/src/Illuminate/Routing/Pipeline.php:47-59}()
#46 /home/vagrant/code/aroka-book-store/vendor/laravel/framework/src/Illuminate/Pipeline/Pipeline.php(163): Illuminate\\Foundation\\Http\\Middleware\\ValidatePostSize->handle()
#47 /home/vagrant/code/aroka-book-store/vendor/laravel/framework/src/Illuminate/Routing/Pipeline.php(53): Illuminate\\Routing\\Pipeline->Illuminate\\Pipeline\\{closure:/home/vagrant/code/aroka-book-store/vendor/laravel/framework/src/Illuminate/Pipeline/Pipeline.php:140-169}()
#48 /home/vagrant/code/aroka-book-store/vendor/laravel/framework/src/Illuminate/Foundation/Http/Middleware/CheckForMaintenanceMode.php(62): Illuminate\\Routing\\Pipeline->Illuminate\\Routing\\{closure:/home/vagrant/code/aroka-book-store/vendor/laravel/framework/src/Illuminate/Routing/Pipeline.php:47-59}()
#49 /home/vagrant/code/aroka-book-store/vendor/laravel/framework/src/Illuminate/Pipeline/Pipeline.php(163): Illuminate\\Foundation\\Http\\Middleware\\CheckForMaintenanceMode->handle()
#50 /home/vagrant/code/aroka-book-store/vendor/laravel/framework/src/Illuminate/Routing/Pipeline.php(53): Illuminate\\Routing\\Pipeline->Illuminate\\Pipeline\\{closure:/home/vagrant/code/aroka-book-store/vendor/laravel/framework/src/Illuminate/Pipeline/Pipeline.php:140-169}()
#51 /home/vagrant/code/aroka-book-store/vendor/laravel/framework/src/Illuminate/Pipeline/Pipeline.php(104): Illuminate\\Routing\\Pipeline->Illuminate\\Routing\\{closure:/home/vagrant/code/aroka-book-store/vendor/laravel/framework/src/Illuminate/Routing/Pipeline.php:47-59}()
#52 /home/vagrant/code/aroka-book-store/vendor/laravel/framework/src/Illuminate/Foundation/Http/Kernel.php(151): Illuminate\\Routing\\Pipeline->then()
#53 /home/vagrant/code/aroka-book-store/vendor/laravel/framework/src/Illuminate/Foundation/Http/Kernel.php(116): App\\Http\\Kernel->sendRequestThroughRouter()
#54 /home/vagrant/code/aroka-book-store/public/index.php(53): App\\Http\\Kernel->handle()
#55 /home/vagrant/code/aroka-book-store/public/index.php(0): {main}()
#56 {main}
"} 
[2019-05-23 11:18:17] local.ERROR: Interface 'Symfony\Contracts\Translation\LocaleAwareInterface' not found {"exception":"[object] (Symfony\\Component\\Debug\\Exception\\FatalErrorException(code: 1): Interface 'Symfony\\Contracts\\Translation\\LocaleAwareInterface' not found at /home/vagrant/code/aroka-book-store/vendor/symfony/translation/TranslatorInterface.php:24)
[stacktrace]
#0 /home/vagrant/code/aroka-book-store/vendor/laravel/framework/src/Illuminate/Foundation/Bootstrap/HandleExceptions.php(137): Symfony\\Component\\Debug\\Exception\\FatalErrorException->__construct()
#1 /home/vagrant/code/aroka-book-store/vendor/laravel/framework/src/Illuminate/Foundation/Bootstrap/HandleExceptions.php(123): Illuminate\\Foundation\\Bootstrap\\HandleExceptions->fatalExceptionFromError()
#2 /home/vagrant/code/aroka-book-store/vendor/laravel/framework/src/Illuminate/Foundation/Bootstrap/HandleExceptions.php(0): Illuminate\\Foundation\\Bootstrap\\HandleExceptions->handleShutdown()
#3 /home/vagrant/code/aroka-book-store/vendor/composer/ClassLoader.php(444): ()
#4 /home/vagrant/code/aroka-book-store/vendor/composer/ClassLoader.php(322): Composer\\Autoload\\includeFile()
#5 /home/vagrant/code/aroka-book-store/vendor/symfony/translation/Translator.php(32): Composer\\Autoload\\ClassLoader->loadClass()
#6 /home/vagrant/code/aroka-book-store/vendor/symfony/translation/Translator.php(32): spl_autoload_call()
#7 /home/vagrant/code/aroka-book-store/vendor/composer/ClassLoader.php(444): ()
#8 /home/vagrant/code/aroka-book-store/vendor/composer/ClassLoader.php(322): Composer\\Autoload\\includeFile()
#9 /home/vagrant/code/aroka-book-store/vendor/nesbot/carbon/src/Carbon/Translator.php(7): Composer\\Autoload\\ClassLoader->loadClass()
#10 /home/vagrant/code/aroka-book-store/vendor/nesbot/carbon/src/Carbon/Translator.php(7): spl_autoload_call()
#11 /home/vagrant/code/aroka-book-store/vendor/composer/ClassLoader.php(444): ()
#12 /home/vagrant/code/aroka-book-store/vendor/composer/ClassLoader.php(322): Composer\\Autoload\\includeFile()
#13 /home/vagrant/code/aroka-book-store/vendor/nesbot/carbon/src/Carbon/Carbon.php(1625): Composer\\Autoload\\ClassLoader->loadClass()
#14 /home/vagrant/code/aroka-book-store/vendor/nesbot/carbon/src/Carbon/Carbon.php(1625): spl_autoload_call()
#15 /home/vagrant/code/aroka-book-store/vendor/nesbot/carbon/src/Carbon/Carbon.php(1672): Carbon\\Carbon::translator()
#16 /home/vagrant/code/aroka-book-store/vendor/nesbot/carbon/src/Carbon/Laravel/ServiceProvider.php(29): Carbon\\Carbon::setLocale()
#17 /home/vagrant/code/aroka-book-store/vendor/nesbot/carbon/src/Carbon/Laravel/ServiceProvider.php(21): Carbon\\Laravel\\ServiceProvider->updateLocale()
#18 /home/vagrant/code/aroka-book-store/vendor/laravel/framework/src/Illuminate/Container/BoundMethod.php(32): Carbon\\Laravel\\ServiceProvider->boot()
#19 /home/vagrant/code/aroka-book-store/vendor/laravel/framework/src/Illuminate/Container/BoundMethod.php(32): call_user_func_array:{/home/vagrant/code/aroka-book-store/vendor/laravel/framework/src/Illuminate/Container/BoundMethod.php:32}()
#20 /home/vagrant/code/aroka-book-store/vendor/laravel/framework/src/Illuminate/Container/BoundMethod.php(90): Illuminate\\Container\\BoundMethod::Illuminate\\Container\\{closure:/home/vagrant/code/aroka-book-store/vendor/laravel/framework/src/Illuminate/Container/BoundMethod.php:30-34}()
#21 /home/vagrant/code/aroka-book-store/vendor/laravel/framework/src/Illuminate/Container/BoundMethod.php(34): Illuminate\\Container\\BoundMethod::callBoundMethod()
#22 /home/vagrant/code/aroka-book-store/vendor/laravel/framework/src/Illuminate/Container/Container.php(576): Illuminate\\Container\\BoundMethod::call()
#23 /home/vagrant/code/aroka-book-store/vendor/laravel/framework/src/Illuminate/Foundation/Application.php(817): Illuminate\\Foundation\\Application->call()
#24 /home/vagrant/code/aroka-book-store/vendor/laravel/framework/src/Illuminate/Foundation/Application.php(800): Illuminate\\Foundation\\Application->bootProvider()
#25 /home/vagrant/code/aroka-book-store/vendor/laravel/framework/src/Illuminate/Foundation/Application.php(801): Illuminate\\Foundation\\Application->Illuminate\\Foundation\\{closure:/home/vagrant/code/aroka-book-store/vendor/laravel/framework/src/Illuminate/Foundation/Application.php:799-801}()
#26 /home/vagrant/code/aroka-book-store/vendor/laravel/framework/src/Illuminate/Foundation/Application.php(801): array_walk()
#27 /home/vagrant/code/aroka-book-store/vendor/laravel/framework/src/Illuminate/Foundation/Bootstrap/BootProviders.php(17): Illuminate\\Foundation\\Application->boot()
#28 /home/vagrant/code/aroka-book-store/vendor/laravel/framework/src/Illuminate/Foundation/Application.php(210): Illuminate\\Foundation\\Bootstrap\\BootProviders->bootstrap()
#29 /home/vagrant/code/aroka-book-store/vendor/laravel/framework/src/Illuminate/Foundation/Http/Kernel.php(162): Illuminate\\Foundation\\Application->bootstrapWith()
#30 /home/vagrant/code/aroka-book-store/vendor/laravel/framework/src/Illuminate/Foundation/Http/Kernel.php(146): App\\Http\\Kernel->bootstrap()
#31 /home/vagrant/code/aroka-book-store/vendor/laravel/framework/src/Illuminate/Foundation/Http/Kernel.php(116): App\\Http\\Kernel->sendRequestThroughRouter()
#32 /home/vagrant/code/aroka-book-store/public/index.php(53): App\\Http\\Kernel->handle()
#33 /home/vagrant/code/aroka-book-store/public/index.php(0): {main}()
#34 {main}
"} 
